0    DEBUG [2018-05-10 00:06:59]  Request:
1    DEBUG [2018-05-10 00:06:59]  POSThttp://127.0.0.1:9888/list-keys
0    DEBUG [2018-05-10 00:11:11]  Request:
1    DEBUG [2018-05-10 00:11:11]  POSThttp://127.0.0.1:9888/list-keys
1    DEBUG [2018-05-10 00:11:36]  Request:
455  DEBUG [2018-05-10 00:11:36]  POSThttp://127.0.0.1:9888/list-keys
0    DEBUG [2018-05-10 00:16:53]  Request:
1    DEBUG [2018-05-10 00:16:53]  POST:http://127.0.0.1:9888/list-keys
0    DEBUG [2018-05-10 10:51:08]  Request:
2    DEBUG [2018-05-10 10:51:08]  POST:http://127.0.0.1:9888/list-keys
0    DEBUG [2018-05-10 10:51:15]  Request:
2    DEBUG [2018-05-10 10:51:15]  POST:http://127.0.0.1:9888/list-keys
1    DEBUG [2018-05-10 11:04:32]  Request:
548  DEBUG [2018-05-10 11:04:33]  POST:http://127.0.0.1:9888/list-keys
0    DEBUG [2018-05-10 11:13:05]  Request:
1    DEBUG [2018-05-10 11:13:05]  POST:http://127.0.0.1:9888/list-keys
169  DEBUG [2018-05-10 11:13:05]  API-RemoteIP: 192.168.32.1
440  DEBUG [2018-05-10 11:13:05]  Response:
441  DEBUG [2018-05-10 11:13:05]  https StatusCode:200
441  DEBUG [2018-05-10 11:13:05]  Content-Type:application/json; charset=utf-8
442  DEBUG [2018-05-10 11:13:05]  Vary:Accept-Encoding
442  DEBUG [2018-05-10 11:13:05]  X-Content-Type-Options:nosniff
443  DEBUG [2018-05-10 11:13:05]  X-Frame-Options:DENY
443  DEBUG [2018-05-10 11:13:05]  X-Xss-Protection:1
443  DEBUG [2018-05-10 11:13:05]  Date:Thu, 10 May 2018 03:13:05 GMT
444  DEBUG [2018-05-10 11:13:05]  Content-Length:909
491  DEBUG [2018-05-10 11:13:05]  {"status":"success","data":[{"alias":"pwdmaster","xpub":"f90b0b0d20651ade20fb11984698e1f9015721c7f999a495a905092da468290009f18f57b9e998905496d601e74347d1c86b3277f897be06e4a00bd9d2919068","file":"C:\\Users\\hadoop\\AppData\\Roaming\\Bytom\\keystore\\UTC--2018-04-24T09-46-13.362286400Z--698fcf0e-23df-4c5c-ac91-1b6748f78d7e"},{"alias":"22","xpub":"c9697e53a061e43477f95dbbf49485e40635b7e909c2a8fab8b5374d2baa868976852f7bcb3f36f2e0b15adaef66bf3f98979657a3a100ac7241394d9e5d25d0","file":"C:\\Users\\hadoop\\AppData\\Roaming\\Bytom\\keystore\\UTC--2018-05-08T01-58-55.397801100Z--e0f59b6a-f559-4e00-b703-b4c2465da0ef"},{"alias":"3333","xpub":"3f37817178acf8620673244ede74f09b83d9f4df93dc13f76c4b5c460b6e6b8810294175525076fd72a7ba1043847245e30850de765a6ad4f0be345a2f2467a4","file":"C:\\Users\\hadoop\\AppData\\Roaming\\Bytom\\keystore\\UTC--2018-05-08T01-59-08.593177300Z--361ea986-d88d-4596-9620-7b9c2012caae"}]}


0    DEBUG [2018-05-10 14:57:42]  Request:
10   DEBUG [2018-05-10 14:57:42]  POST:http://127.0.0.1:9888/list-keys
338  DEBUG [2018-05-10 14:57:42]  API-RemoteIP: 192.168.32.1
1140 DEBUG [2018-05-10 14:57:43]  Response:
1140 DEBUG [2018-05-10 14:57:43]  https StatusCode:200
1141 DEBUG [2018-05-10 14:57:43]  Content-Type:application/json; charset=utf-8
1141 DEBUG [2018-05-10 14:57:43]  Vary:Accept-Encoding
1141 DEBUG [2018-05-10 14:57:43]  X-Content-Type-Options:nosniff
1141 DEBUG [2018-05-10 14:57:43]  X-Frame-Options:DENY
1141 DEBUG [2018-05-10 14:57:43]  X-Xss-Protection:1
1141 DEBUG [2018-05-10 14:57:43]  Date:Thu, 10 May 2018 06:57:43 GMT
1141 DEBUG [2018-05-10 14:57:43]  Content-Length:909
1345 DEBUG [2018-05-10 14:57:43]  {"status":"success","data":[{"alias":"pwdmaster","xpub":"f90b0b0d20651ade20fb11984698e1f9015721c7f999a495a905092da468290009f18f57b9e998905496d601e74347d1c86b3277f897be06e4a00bd9d2919068","file":"C:\\Users\\hadoop\\AppData\\Roaming\\Bytom\\keystore\\UTC--2018-04-24T09-46-13.362286400Z--698fcf0e-23df-4c5c-ac91-1b6748f78d7e"},{"alias":"22","xpub":"c9697e53a061e43477f95dbbf49485e40635b7e909c2a8fab8b5374d2baa868976852f7bcb3f36f2e0b15adaef66bf3f98979657a3a100ac7241394d9e5d25d0","file":"C:\\Users\\hadoop\\AppData\\Roaming\\Bytom\\keystore\\UTC--2018-05-08T01-58-55.397801100Z--e0f59b6a-f559-4e00-b703-b4c2465da0ef"},{"alias":"3333","xpub":"3f37817178acf8620673244ede74f09b83d9f4df93dc13f76c4b5c460b6e6b8810294175525076fd72a7ba1043847245e30850de765a6ad4f0be345a2f2467a4","file":"C:\\Users\\hadoop\\AppData\\Roaming\\Bytom\\keystore\\UTC--2018-05-08T01-59-08.593177300Z--361ea986-d88d-4596-9620-7b9c2012caae"}]}


0    DEBUG [2018-05-10 15:26:53]  Request:
18   DEBUG [2018-05-10 15:26:53]  POST:http://127.0.0.1:9888/create-key
75   DEBUG [2018-05-10 15:26:53]  API-RemoteIP: 192.168.32.1
177  DEBUG [2018-05-10 15:26:53]  Response:
177  DEBUG [2018-05-10 15:26:53]  https StatusCode:400
177  DEBUG [2018-05-10 15:26:53]  Content-Type:application/json; charset=utf-8
177  DEBUG [2018-05-10 15:26:53]  Vary:Accept-Encoding
177  DEBUG [2018-05-10 15:26:53]  X-Content-Type-Options:nosniff
177  DEBUG [2018-05-10 15:26:53]  X-Frame-Options:DENY
177  DEBUG [2018-05-10 15:26:53]  X-Xss-Protection:1
177  DEBUG [2018-05-10 15:26:53]  Date:Thu, 10 May 2018 07:26:53 GMT
177  DEBUG [2018-05-10 15:26:53]  Content-Length:195
194  DEBUG [2018-05-10 15:26:53]  {"code":"BTM003","message":"Invalid request body","detail":"invalid character 'a' looking for beginning of value: check request parameters for missing and/or incorrect values","temporary":false}


0    DEBUG [2018-05-10 15:32:34]  Request:
1769 DEBUG [2018-05-10 15:32:35]  POST:http://127.0.0.1:9888/create-key
69258 DEBUG [2018-05-10 15:33:43]  API-RemoteIP: 192.168.32.1
81499 DEBUG [2018-05-10 15:33:55]  Response:
81969 DEBUG [2018-05-10 15:33:56]  https StatusCode:400
84306 DEBUG [2018-05-10 15:33:58]  Content-Type:application/json; charset=utf-8
85498 DEBUG [2018-05-10 15:33:59]  Vary:Accept-Encoding
86434 DEBUG [2018-05-10 15:34:00]  X-Content-Type-Options:nosniff
87147 DEBUG [2018-05-10 15:34:01]  X-Frame-Options:DENY
88162 DEBUG [2018-05-10 15:34:02]  X-Xss-Protection:1
89434 DEBUG [2018-05-10 15:34:03]  Date:Thu, 10 May 2018 07:33:47 GMT
90159 DEBUG [2018-05-10 15:34:04]  Content-Length:195
92353 DEBUG [2018-05-10 15:34:06]  {"code":"BTM003","message":"Invalid request body","detail":"invalid character 'a' looking for beginning of value: check request parameters for missing and/or incorrect values","temporary":false}


0    DEBUG [2018-05-10 15:47:53]  Request:
1    DEBUG [2018-05-10 15:47:53]  POST:http://127.0.0.1:9888/list-keys
78   DEBUG [2018-05-10 15:47:53]  API-RemoteIP: 192.168.32.1
79   DEBUG [2018-05-10 15:47:53]  content-type: application/x-www-form-urlencoded
193  DEBUG [2018-05-10 15:47:53]  Response:
193  DEBUG [2018-05-10 15:47:53]  https StatusCode:200
193  DEBUG [2018-05-10 15:47:53]  Content-Type:application/json; charset=utf-8
193  DEBUG [2018-05-10 15:47:53]  Vary:Accept-Encoding
194  DEBUG [2018-05-10 15:47:53]  X-Content-Type-Options:nosniff
194  DEBUG [2018-05-10 15:47:53]  X-Frame-Options:DENY
194  DEBUG [2018-05-10 15:47:53]  X-Xss-Protection:1
194  DEBUG [2018-05-10 15:47:53]  Date:Thu, 10 May 2018 07:47:53 GMT
194  DEBUG [2018-05-10 15:47:53]  Content-Length:1205
208  DEBUG [2018-05-10 15:47:53]  {"status":"success","data":[{"alias":"pwdmaster","xpub":"f90b0b0d20651ade20fb11984698e1f9015721c7f999a495a905092da468290009f18f57b9e998905496d601e74347d1c86b3277f897be06e4a00bd9d2919068","file":"C:\\Users\\hadoop\\AppData\\Roaming\\Bytom\\keystore\\UTC--2018-04-24T09-46-13.362286400Z--698fcf0e-23df-4c5c-ac91-1b6748f78d7e"},{"alias":"22","xpub":"c9697e53a061e43477f95dbbf49485e40635b7e909c2a8fab8b5374d2baa868976852f7bcb3f36f2e0b15adaef66bf3f98979657a3a100ac7241394d9e5d25d0","file":"C:\\Users\\hadoop\\AppData\\Roaming\\Bytom\\keystore\\UTC--2018-05-08T01-58-55.397801100Z--e0f59b6a-f559-4e00-b703-b4c2465da0ef"},{"alias":"3333","xpub":"3f37817178acf8620673244ede74f09b83d9f4df93dc13f76c4b5c460b6e6b8810294175525076fd72a7ba1043847245e30850de765a6ad4f0be345a2f2467a4","file":"C:\\Users\\hadoop\\AppData\\Roaming\\Bytom\\keystore\\UTC--2018-05-08T01-59-08.593177300Z--361ea986-d88d-4596-9620-7b9c2012caae"},{"alias":"jackyken","xpub":"32fc43a39892be54721fb446e56b6689a2a0805e2a23e0f1d258db2fb7fe0980aac6615bfc6c254288f50a5eab0833f2789b006411826372677a266ed40df67b","file":"C:\\Users\\hadoop\\AppData\\Roaming\\Bytom\\keystore\\UTC--2018-05-10T07-30-18.316354800Z--fcf8fd52-982c-438d-808e-7951a1e2e37c"}]}


0    DEBUG [2018-05-10 15:48:36]  Request:
2    DEBUG [2018-05-10 15:48:36]  POST:http://127.0.0.1:9888/create-key
65   DEBUG [2018-05-10 15:48:36]  API-RemoteIP: 192.168.32.1
66   DEBUG [2018-05-10 15:48:36]  content-type: application/x-www-form-urlencoded
111  DEBUG [2018-05-10 15:48:36]  Response:
111  DEBUG [2018-05-10 15:48:36]  https StatusCode:400
112  DEBUG [2018-05-10 15:48:36]  Content-Type:application/json; charset=utf-8
112  DEBUG [2018-05-10 15:48:36]  Vary:Accept-Encoding
112  DEBUG [2018-05-10 15:48:36]  X-Content-Type-Options:nosniff
112  DEBUG [2018-05-10 15:48:36]  X-Frame-Options:DENY
112  DEBUG [2018-05-10 15:48:36]  X-Xss-Protection:1
112  DEBUG [2018-05-10 15:48:36]  Date:Thu, 10 May 2018 07:48:36 GMT
112  DEBUG [2018-05-10 15:48:36]  Content-Length:195
118  DEBUG [2018-05-10 15:48:36]  {"code":"BTM003","message":"Invalid request body","detail":"invalid character 'a' looking for beginning of value: check request parameters for missing and/or incorrect values","temporary":false}


0    DEBUG [2018-05-10 15:53:28]  Request:
2    DEBUG [2018-05-10 15:53:28]  POST:http://127.0.0.1:9888/create-key
59   DEBUG [2018-05-10 15:53:28]  API-RemoteIP: 192.168.32.1
60   DEBUG [2018-05-10 15:53:28]  content-type: application/x-www-form-urlencoded
101  DEBUG [2018-05-10 15:53:28]  Response:
102  DEBUG [2018-05-10 15:53:28]  https StatusCode:400
102  DEBUG [2018-05-10 15:53:28]  Content-Type:application/json; charset=utf-8
102  DEBUG [2018-05-10 15:53:28]  Vary:Accept-Encoding
102  DEBUG [2018-05-10 15:53:28]  X-Content-Type-Options:nosniff
102  DEBUG [2018-05-10 15:53:28]  X-Frame-Options:DENY
102  DEBUG [2018-05-10 15:53:28]  X-Xss-Protection:1
102  DEBUG [2018-05-10 15:53:28]  Date:Thu, 10 May 2018 07:53:28 GMT
102  DEBUG [2018-05-10 15:53:28]  Content-Length:209
106  DEBUG [2018-05-10 15:53:28]  {"code":"BTM003","message":"Invalid request body","detail":"invalid character '\\'' looking for beginning of object key string: check request parameters for missing and/or incorrect values","temporary":false}


0    DEBUG [2018-05-10 16:46:53]  Request:
1    DEBUG [2018-05-10 16:46:53]  POST:http://127.0.0.1:9888/create-key
53   DEBUG [2018-05-10 16:46:54]  API-RemoteIP: 192.168.32.1
89   DEBUG [2018-05-10 16:46:54]  Response:
89   DEBUG [2018-05-10 16:46:54]  https StatusCode:400
89   DEBUG [2018-05-10 16:46:54]  Content-Type:application/json; charset=utf-8
89   DEBUG [2018-05-10 16:46:54]  Vary:Accept-Encoding
89   DEBUG [2018-05-10 16:46:54]  X-Content-Type-Options:nosniff
89   DEBUG [2018-05-10 16:46:54]  X-Frame-Options:DENY
90   DEBUG [2018-05-10 16:46:54]  X-Xss-Protection:1
90   DEBUG [2018-05-10 16:46:54]  Date:Thu, 10 May 2018 08:46:54 GMT
90   DEBUG [2018-05-10 16:46:54]  Content-Length:209
100  DEBUG [2018-05-10 16:46:54]  {"code":"BTM003","message":"Invalid request body","detail":"invalid character '\\'' looking for beginning of object key string: check request parameters for missing and/or incorrect values","temporary":false}


1    DEBUG [2018-05-10 16:47:43]  Request:
601  DEBUG [2018-05-10 16:47:44]  POST:http://127.0.0.1:9888/create-key
0    DEBUG [2018-05-10 16:50:32]  Request:
1    DEBUG [2018-05-10 16:50:32]  POST:http://127.0.0.1:9888/create-key
74   DEBUG [2018-05-10 16:50:32]  API-RemoteIP: 192.168.32.1
267  DEBUG [2018-05-10 16:50:32]  Response:
267  DEBUG [2018-05-10 16:50:32]  https StatusCode:200
267  DEBUG [2018-05-10 16:50:32]  Content-Type:application/json; charset=utf-8
267  DEBUG [2018-05-10 16:50:32]  Vary:Accept-Encoding
267  DEBUG [2018-05-10 16:50:32]  X-Content-Type-Options:nosniff
267  DEBUG [2018-05-10 16:50:32]  X-Frame-Options:DENY
268  DEBUG [2018-05-10 16:50:32]  X-Xss-Protection:1
268  DEBUG [2018-05-10 16:50:32]  Date:Thu, 10 May 2018 08:50:32 GMT
268  DEBUG [2018-05-10 16:50:32]  Content-Length:325
274  DEBUG [2018-05-10 16:50:32]  {"status":"success","data":{"alias":"jackyken3","xpub":"50b29951aab8ec717f69e6e60476b0617bf8dd8cdc5615cd2248de94e6c2d8ca70fc67f936d97ff4c8f094e7479ebec89e1e309ee596eb65b8f450a63bc07e4c","file":"C:\\Users\\hadoop\\AppData\\Roaming\\Bytom\\keystore\\UTC--2018-05-10T08-50-32.846148000Z--850164e5-9af4-42c2-948a-390456aca47a"}}


1    DEBUG [2018-05-10 16:53:12]  Request:
2    DEBUG [2018-05-10 16:53:12]  POST:http://127.0.0.1:9888/list-keys
64   DEBUG [2018-05-10 16:53:12]  API-RemoteIP: 192.168.32.1
65   DEBUG [2018-05-10 16:53:12]  content-type: application/x-www-form-urlencoded
115  DEBUG [2018-05-10 16:53:12]  Response:
115  DEBUG [2018-05-10 16:53:12]  https StatusCode:200
115  DEBUG [2018-05-10 16:53:12]  Content-Type:application/json; charset=utf-8
115  DEBUG [2018-05-10 16:53:12]  Vary:Accept-Encoding
115  DEBUG [2018-05-10 16:53:12]  X-Content-Type-Options:nosniff
115  DEBUG [2018-05-10 16:53:12]  X-Frame-Options:DENY
116  DEBUG [2018-05-10 16:53:12]  X-Xss-Protection:1
116  DEBUG [2018-05-10 16:53:12]  Date:Thu, 10 May 2018 08:53:12 GMT
116  DEBUG [2018-05-10 16:53:12]  Content-Length:1502
121  DEBUG [2018-05-10 16:53:12]  {"status":"success","data":[{"alias":"pwdmaster","xpub":"f90b0b0d20651ade20fb11984698e1f9015721c7f999a495a905092da468290009f18f57b9e998905496d601e74347d1c86b3277f897be06e4a00bd9d2919068","file":"C:\\Users\\hadoop\\AppData\\Roaming\\Bytom\\keystore\\UTC--2018-04-24T09-46-13.362286400Z--698fcf0e-23df-4c5c-ac91-1b6748f78d7e"},{"alias":"22","xpub":"c9697e53a061e43477f95dbbf49485e40635b7e909c2a8fab8b5374d2baa868976852f7bcb3f36f2e0b15adaef66bf3f98979657a3a100ac7241394d9e5d25d0","file":"C:\\Users\\hadoop\\AppData\\Roaming\\Bytom\\keystore\\UTC--2018-05-08T01-58-55.397801100Z--e0f59b6a-f559-4e00-b703-b4c2465da0ef"},{"alias":"3333","xpub":"3f37817178acf8620673244ede74f09b83d9f4df93dc13f76c4b5c460b6e6b8810294175525076fd72a7ba1043847245e30850de765a6ad4f0be345a2f2467a4","file":"C:\\Users\\hadoop\\AppData\\Roaming\\Bytom\\keystore\\UTC--2018-05-08T01-59-08.593177300Z--361ea986-d88d-4596-9620-7b9c2012caae"},{"alias":"jackyken","xpub":"32fc43a39892be54721fb446e56b6689a2a0805e2a23e0f1d258db2fb7fe0980aac6615bfc6c254288f50a5eab0833f2789b006411826372677a266ed40df67b","file":"C:\\Users\\hadoop\\AppData\\Roaming\\Bytom\\keystore\\UTC--2018-05-10T07-30-18.316354800Z--fcf8fd52-982c-438d-808e-7951a1e2e37c"},{"alias":"jackyken3","xpub":"50b29951aab8ec717f69e6e60476b0617bf8dd8cdc5615cd2248de94e6c2d8ca70fc67f936d97ff4c8f094e7479ebec89e1e309ee596eb65b8f450a63bc07e4c","file":"C:\\Users\\hadoop\\AppData\\Roaming\\Bytom\\keystore\\UTC--2018-05-10T08-50-32.846148000Z--850164e5-9af4-42c2-948a-390456aca47a"}]}


0    DEBUG [2018-05-10 17:01:56]  Request:
18   DEBUG [2018-05-10 17:01:56]  POST:http://127.0.0.1:9888/create-key
27698 DEBUG [2018-05-10 17:02:23]  API-RemoteIP: 192.168.32.1
31327 DEBUG [2018-05-10 17:02:27]  Response:
34252 DEBUG [2018-05-10 17:02:30]  https StatusCode:400
34256 DEBUG [2018-05-10 17:02:30]  Content-Type:application/json; charset=utf-8
34260 DEBUG [2018-05-10 17:02:30]  Vary:Accept-Encoding
34264 DEBUG [2018-05-10 17:02:30]  X-Content-Type-Options:nosniff
34268 DEBUG [2018-05-10 17:02:30]  X-Frame-Options:DENY
34271 DEBUG [2018-05-10 17:02:30]  X-Xss-Protection:1
34275 DEBUG [2018-05-10 17:02:30]  Date:Thu, 10 May 2018 09:02:26 GMT
34278 DEBUG [2018-05-10 17:02:30]  Content-Length:283
34306 DEBUG [2018-05-10 17:02:30]  {"code":"BTM003","message":"Invalid request body","detail":"json: cannot unmarshal array into Go value of type struct { Alias string \"json:\\\"alias\\\"\"; Password string \"json:\\\"password\\\"\" }: check request parameters for missing and/or incorrect values","temporary":false}


0    DEBUG [2018-05-10 17:03:40]  Request:
326  DEBUG [2018-05-10 17:03:41]  POST:http://127.0.0.1:9888/create-key
0    DEBUG [2018-05-10 17:16:11]  Request:
1    DEBUG [2018-05-10 17:16:11]  POST:http://127.0.0.1:9888/list-keys
72   DEBUG [2018-05-10 17:16:11]  API-RemoteIP: 192.168.32.1
130  DEBUG [2018-05-10 17:16:11]  Response:
130  DEBUG [2018-05-10 17:16:11]  https StatusCode:200
130  DEBUG [2018-05-10 17:16:11]  Content-Type:application/json; charset=utf-8
130  DEBUG [2018-05-10 17:16:11]  Vary:Accept-Encoding
131  DEBUG [2018-05-10 17:16:11]  X-Content-Type-Options:nosniff
131  DEBUG [2018-05-10 17:16:11]  X-Frame-Options:DENY
131  DEBUG [2018-05-10 17:16:11]  X-Xss-Protection:1
131  DEBUG [2018-05-10 17:16:11]  Date:Thu, 10 May 2018 09:16:11 GMT
131  DEBUG [2018-05-10 17:16:11]  Content-Length:1502
138  DEBUG [2018-05-10 17:16:11]  {"status":"success","data":[{"alias":"pwdmaster","xpub":"f90b0b0d20651ade20fb11984698e1f9015721c7f999a495a905092da468290009f18f57b9e998905496d601e74347d1c86b3277f897be06e4a00bd9d2919068","file":"C:\\Users\\hadoop\\AppData\\Roaming\\Bytom\\keystore\\UTC--2018-04-24T09-46-13.362286400Z--698fcf0e-23df-4c5c-ac91-1b6748f78d7e"},{"alias":"22","xpub":"c9697e53a061e43477f95dbbf49485e40635b7e909c2a8fab8b5374d2baa868976852f7bcb3f36f2e0b15adaef66bf3f98979657a3a100ac7241394d9e5d25d0","file":"C:\\Users\\hadoop\\AppData\\Roaming\\Bytom\\keystore\\UTC--2018-05-08T01-58-55.397801100Z--e0f59b6a-f559-4e00-b703-b4c2465da0ef"},{"alias":"3333","xpub":"3f37817178acf8620673244ede74f09b83d9f4df93dc13f76c4b5c460b6e6b8810294175525076fd72a7ba1043847245e30850de765a6ad4f0be345a2f2467a4","file":"C:\\Users\\hadoop\\AppData\\Roaming\\Bytom\\keystore\\UTC--2018-05-08T01-59-08.593177300Z--361ea986-d88d-4596-9620-7b9c2012caae"},{"alias":"jackyken","xpub":"32fc43a39892be54721fb446e56b6689a2a0805e2a23e0f1d258db2fb7fe0980aac6615bfc6c254288f50a5eab0833f2789b006411826372677a266ed40df67b","file":"C:\\Users\\hadoop\\AppData\\Roaming\\Bytom\\keystore\\UTC--2018-05-10T07-30-18.316354800Z--fcf8fd52-982c-438d-808e-7951a1e2e37c"},{"alias":"jackyken3","xpub":"50b29951aab8ec717f69e6e60476b0617bf8dd8cdc5615cd2248de94e6c2d8ca70fc67f936d97ff4c8f094e7479ebec89e1e309ee596eb65b8f450a63bc07e4c","file":"C:\\Users\\hadoop\\AppData\\Roaming\\Bytom\\keystore\\UTC--2018-05-10T08-50-32.846148000Z--850164e5-9af4-42c2-948a-390456aca47a"}]}


0    DEBUG [2018-05-10 17:16:35]  Request:
2    DEBUG [2018-05-10 17:16:35]  POST:http://127.0.0.1:9888/create-key
67   DEBUG [2018-05-10 17:16:35]  API-RemoteIP: 192.168.32.1
262  DEBUG [2018-05-10 17:16:35]  Response:
262  DEBUG [2018-05-10 17:16:35]  https StatusCode:200
262  DEBUG [2018-05-10 17:16:35]  Content-Type:application/json; charset=utf-8
263  DEBUG [2018-05-10 17:16:35]  Vary:Accept-Encoding
263  DEBUG [2018-05-10 17:16:35]  X-Content-Type-Options:nosniff
263  DEBUG [2018-05-10 17:16:35]  X-Frame-Options:DENY
263  DEBUG [2018-05-10 17:16:35]  X-Xss-Protection:1
263  DEBUG [2018-05-10 17:16:35]  Date:Thu, 10 May 2018 09:16:35 GMT
263  DEBUG [2018-05-10 17:16:35]  Content-Length:325
287  DEBUG [2018-05-10 17:16:35]  {"status":"success","data":{"alias":"jackyken4","xpub":"b16e2299df0c689008c88f20fa192bcd47ab76cadbd9c4528635d6e44d7f8efd0d9de60068ff27d4bd6a7f31a186defbd5f5dab1c14d86e8cb0b3fabd1dd6899","file":"C:\\Users\\hadoop\\AppData\\Roaming\\Bytom\\keystore\\UTC--2018-05-10T09-16-35.688725700Z--3033b491-5a59-4946-8954-71be2ae3ca32"}}


0    DEBUG [2018-05-10 18:05:22]  Request:
1    DEBUG [2018-05-10 18:05:22]  POST:http://127.0.0.1:9888/create-key
83   DEBUG [2018-05-10 18:05:22]  API-RemoteIP: 192.168.32.1
137  DEBUG [2018-05-10 18:05:22]  Response:
138  DEBUG [2018-05-10 18:05:22]  https StatusCode:200
138  DEBUG [2018-05-10 18:05:22]  Content-Type:application/json; charset=utf-8
138  DEBUG [2018-05-10 18:05:22]  Vary:Accept-Encoding
138  DEBUG [2018-05-10 18:05:22]  X-Content-Type-Options:nosniff
138  DEBUG [2018-05-10 18:05:22]  X-Frame-Options:DENY
138  DEBUG [2018-05-10 18:05:22]  X-Xss-Protection:1
139  DEBUG [2018-05-10 18:05:22]  Date:Thu, 10 May 2018 10:05:22 GMT
139  DEBUG [2018-05-10 18:05:22]  Content-Length:46
144  DEBUG [2018-05-10 18:05:22]  {"status":"fail","msg":"duplicate key alias"}


0    DEBUG [2018-05-10 18:06:38]  Request:
1    DEBUG [2018-05-10 18:06:38]  POST:http://127.0.0.1:9888/create-key
64   DEBUG [2018-05-10 18:06:38]  API-RemoteIP: 192.168.32.1
216  DEBUG [2018-05-10 18:06:38]  Response:
217  DEBUG [2018-05-10 18:06:38]  https StatusCode:200
217  DEBUG [2018-05-10 18:06:38]  Content-Type:application/json; charset=utf-8
217  DEBUG [2018-05-10 18:06:38]  Vary:Accept-Encoding
217  DEBUG [2018-05-10 18:06:38]  X-Content-Type-Options:nosniff
217  DEBUG [2018-05-10 18:06:38]  X-Frame-Options:DENY
217  DEBUG [2018-05-10 18:06:38]  X-Xss-Protection:1
217  DEBUG [2018-05-10 18:06:38]  Date:Thu, 10 May 2018 10:06:38 GMT
218  DEBUG [2018-05-10 18:06:38]  Content-Length:325
223  DEBUG [2018-05-10 18:06:38]  {"status":"success","data":{"alias":"jackyken5","xpub":"0bfeeeda0722d9dc95548b75cfc4a294cf425ddf68c363d21aefd3ff5a862fd8c5e93f0108442e33a2da384f788ed945c0c29d376ee57ddbb03e1a27ff3c115e","file":"C:\\Users\\hadoop\\AppData\\Roaming\\Bytom\\keystore\\UTC--2018-05-10T10-06-38.391923600Z--1665867a-033a-4500-8925-068e364aed3a"}}


0    DEBUG [2018-05-10 18:22:10]  Request:
2    DEBUG [2018-05-10 18:22:10]  POST:http://127.0.0.1:9888/list-keys
70   DEBUG [2018-05-10 18:22:10]  API-RemoteIP: 192.168.32.1
116  DEBUG [2018-05-10 18:22:10]  Response:
117  DEBUG [2018-05-10 18:22:10]  https StatusCode:200
117  DEBUG [2018-05-10 18:22:10]  Content-Type:application/json; charset=utf-8
117  DEBUG [2018-05-10 18:22:10]  Vary:Accept-Encoding
117  DEBUG [2018-05-10 18:22:10]  X-Content-Type-Options:nosniff
117  DEBUG [2018-05-10 18:22:10]  X-Frame-Options:DENY
117  DEBUG [2018-05-10 18:22:10]  X-Xss-Protection:1
117  DEBUG [2018-05-10 18:22:10]  Date:Thu, 10 May 2018 10:22:10 GMT
117  DEBUG [2018-05-10 18:22:10]  Transfer-Encoding:chunked
121  WARN  [2018-05-10 18:22:10]  Going to buffer response body of large or unknown size. Using getResponseBodyAsStream instead is recommended.
122  DEBUG [2018-05-10 18:22:10]  {"status":"success","data":[{"alias":"pwdmaster","xpub":"f90b0b0d20651ade20fb11984698e1f9015721c7f999a495a905092da468290009f18f57b9e998905496d601e74347d1c86b3277f897be06e4a00bd9d2919068","file":"C:\\Users\\hadoop\\AppData\\Roaming\\Bytom\\keystore\\UTC--2018-04-24T09-46-13.362286400Z--698fcf0e-23df-4c5c-ac91-1b6748f78d7e"},{"alias":"22","xpub":"c9697e53a061e43477f95dbbf49485e40635b7e909c2a8fab8b5374d2baa868976852f7bcb3f36f2e0b15adaef66bf3f98979657a3a100ac7241394d9e5d25d0","file":"C:\\Users\\hadoop\\AppData\\Roaming\\Bytom\\keystore\\UTC--2018-05-08T01-58-55.397801100Z--e0f59b6a-f559-4e00-b703-b4c2465da0ef"},{"alias":"3333","xpub":"3f37817178acf8620673244ede74f09b83d9f4df93dc13f76c4b5c460b6e6b8810294175525076fd72a7ba1043847245e30850de765a6ad4f0be345a2f2467a4","file":"C:\\Users\\hadoop\\AppData\\Roaming\\Bytom\\keystore\\UTC--2018-05-08T01-59-08.593177300Z--361ea986-d88d-4596-9620-7b9c2012caae"},{"alias":"jackyken","xpub":"32fc43a39892be54721fb446e56b6689a2a0805e2a23e0f1d258db2fb7fe0980aac6615bfc6c254288f50a5eab0833f2789b006411826372677a266ed40df67b","file":"C:\\Users\\hadoop\\AppData\\Roaming\\Bytom\\keystore\\UTC--2018-05-10T07-30-18.316354800Z--fcf8fd52-982c-438d-808e-7951a1e2e37c"},{"alias":"jackyken3","xpub":"50b29951aab8ec717f69e6e60476b0617bf8dd8cdc5615cd2248de94e6c2d8ca70fc67f936d97ff4c8f094e7479ebec89e1e309ee596eb65b8f450a63bc07e4c","file":"C:\\Users\\hadoop\\AppData\\Roaming\\Bytom\\keystore\\UTC--2018-05-10T08-50-32.846148000Z--850164e5-9af4-42c2-948a-390456aca47a"},{"alias":"jackyken4","xpub":"b16e2299df0c689008c88f20fa192bcd47ab76cadbd9c4528635d6e44d7f8efd0d9de60068ff27d4bd6a7f31a186defbd5f5dab1c14d86e8cb0b3fabd1dd6899","file":"C:\\Users\\hadoop\\AppData\\Roaming\\Bytom\\keystore\\UTC--2018-05-10T09-16-35.688725700Z--3033b491-5a59-4946-8954-71be2ae3ca32"},{"alias":"jackyken5","xpub":"0bfeeeda0722d9dc95548b75cfc4a294cf425ddf68c363d21aefd3ff5a862fd8c5e93f0108442e33a2da384f788ed945c0c29d376ee57ddbb03e1a27ff3c115e","file":"C:\\Users\\hadoop\\AppData\\Roaming\\Bytom\\keystore\\UTC--2018-05-10T10-06-38.391923600Z--1665867a-033a-4500-8925-068e364aed3a"}]}


0    DEBUG [2018-05-10 18:30:56]  Request:
1    DEBUG [2018-05-10 18:30:56]  POST:http://127.0.0.1:9888/create-key
71   DEBUG [2018-05-10 18:30:56]  API-RemoteIP: 192.168.32.1
115  DEBUG [2018-05-10 18:30:56]  Response:
115  DEBUG [2018-05-10 18:30:56]  https StatusCode:200
115  DEBUG [2018-05-10 18:30:56]  Content-Type:application/json; charset=utf-8
115  DEBUG [2018-05-10 18:30:56]  Vary:Accept-Encoding
115  DEBUG [2018-05-10 18:30:56]  X-Content-Type-Options:nosniff
116  DEBUG [2018-05-10 18:30:56]  X-Frame-Options:DENY
116  DEBUG [2018-05-10 18:30:56]  X-Xss-Protection:1
116  DEBUG [2018-05-10 18:30:56]  Date:Thu, 10 May 2018 10:30:56 GMT
116  DEBUG [2018-05-10 18:30:56]  Content-Length:46
122  DEBUG [2018-05-10 18:30:56]  {"status":"fail","msg":"duplicate key alias"}


0    DEBUG [2018-05-10 18:39:11]  Request:
1    DEBUG [2018-05-10 18:39:11]  POST:http://127.0.0.1:9888/list-keys
62   DEBUG [2018-05-10 18:39:11]  API-RemoteIP: 192.168.32.1
104  DEBUG [2018-05-10 18:39:11]  Response:
105  DEBUG [2018-05-10 18:39:11]  https StatusCode:200
105  DEBUG [2018-05-10 18:39:11]  Content-Type:application/json; charset=utf-8
105  DEBUG [2018-05-10 18:39:11]  Vary:Accept-Encoding
105  DEBUG [2018-05-10 18:39:11]  X-Content-Type-Options:nosniff
105  DEBUG [2018-05-10 18:39:11]  X-Frame-Options:DENY
105  DEBUG [2018-05-10 18:39:11]  X-Xss-Protection:1
105  DEBUG [2018-05-10 18:39:11]  Date:Thu, 10 May 2018 10:39:11 GMT
105  DEBUG [2018-05-10 18:39:11]  Transfer-Encoding:chunked
110  WARN  [2018-05-10 18:39:11]  Going to buffer response body of large or unknown size. Using getResponseBodyAsStream instead is recommended.
111  DEBUG [2018-05-10 18:39:11]  {"status":"success","data":[{"alias":"pwdmaster","xpub":"f90b0b0d20651ade20fb11984698e1f9015721c7f999a495a905092da468290009f18f57b9e998905496d601e74347d1c86b3277f897be06e4a00bd9d2919068","file":"C:\\Users\\hadoop\\AppData\\Roaming\\Bytom\\keystore\\UTC--2018-04-24T09-46-13.362286400Z--698fcf0e-23df-4c5c-ac91-1b6748f78d7e"},{"alias":"22","xpub":"c9697e53a061e43477f95dbbf49485e40635b7e909c2a8fab8b5374d2baa868976852f7bcb3f36f2e0b15adaef66bf3f98979657a3a100ac7241394d9e5d25d0","file":"C:\\Users\\hadoop\\AppData\\Roaming\\Bytom\\keystore\\UTC--2018-05-08T01-58-55.397801100Z--e0f59b6a-f559-4e00-b703-b4c2465da0ef"},{"alias":"3333","xpub":"3f37817178acf8620673244ede74f09b83d9f4df93dc13f76c4b5c460b6e6b8810294175525076fd72a7ba1043847245e30850de765a6ad4f0be345a2f2467a4","file":"C:\\Users\\hadoop\\AppData\\Roaming\\Bytom\\keystore\\UTC--2018-05-08T01-59-08.593177300Z--361ea986-d88d-4596-9620-7b9c2012caae"},{"alias":"jackyken","xpub":"32fc43a39892be54721fb446e56b6689a2a0805e2a23e0f1d258db2fb7fe0980aac6615bfc6c254288f50a5eab0833f2789b006411826372677a266ed40df67b","file":"C:\\Users\\hadoop\\AppData\\Roaming\\Bytom\\keystore\\UTC--2018-05-10T07-30-18.316354800Z--fcf8fd52-982c-438d-808e-7951a1e2e37c"},{"alias":"jackyken3","xpub":"50b29951aab8ec717f69e6e60476b0617bf8dd8cdc5615cd2248de94e6c2d8ca70fc67f936d97ff4c8f094e7479ebec89e1e309ee596eb65b8f450a63bc07e4c","file":"C:\\Users\\hadoop\\AppData\\Roaming\\Bytom\\keystore\\UTC--2018-05-10T08-50-32.846148000Z--850164e5-9af4-42c2-948a-390456aca47a"},{"alias":"jackyken4","xpub":"b16e2299df0c689008c88f20fa192bcd47ab76cadbd9c4528635d6e44d7f8efd0d9de60068ff27d4bd6a7f31a186defbd5f5dab1c14d86e8cb0b3fabd1dd6899","file":"C:\\Users\\hadoop\\AppData\\Roaming\\Bytom\\keystore\\UTC--2018-05-10T09-16-35.688725700Z--3033b491-5a59-4946-8954-71be2ae3ca32"},{"alias":"jackyken5","xpub":"0bfeeeda0722d9dc95548b75cfc4a294cf425ddf68c363d21aefd3ff5a862fd8c5e93f0108442e33a2da384f788ed945c0c29d376ee57ddbb03e1a27ff3c115e","file":"C:\\Users\\hadoop\\AppData\\Roaming\\Bytom\\keystore\\UTC--2018-05-10T10-06-38.391923600Z--1665867a-033a-4500-8925-068e364aed3a"}]}


0    DEBUG [2018-05-10 18:44:45]  Request:
1    DEBUG [2018-05-10 18:44:45]  POST:http://127.0.0.1:9888/list-accounts
67   DEBUG [2018-05-10 18:44:45]  API-RemoteIP: 192.168.32.1
110  DEBUG [2018-05-10 18:44:45]  Response:
111  DEBUG [2018-05-10 18:44:45]  https StatusCode:200
111  DEBUG [2018-05-10 18:44:45]  Content-Type:application/json; charset=utf-8
111  DEBUG [2018-05-10 18:44:45]  Vary:Accept-Encoding
111  DEBUG [2018-05-10 18:44:45]  X-Content-Type-Options:nosniff
111  DEBUG [2018-05-10 18:44:45]  X-Frame-Options:DENY
111  DEBUG [2018-05-10 18:44:45]  X-Xss-Protection:1
112  DEBUG [2018-05-10 18:44:45]  Date:Thu, 10 May 2018 10:44:45 GMT
112  DEBUG [2018-05-10 18:44:45]  Content-Length:455
119  DEBUG [2018-05-10 18:44:45]  {"status":"success","data":[{"id":"0D052TU700A02","alias":"bytommaster","xpubs":["f90b0b0d20651ade20fb11984698e1f9015721c7f999a495a905092da468290009f18f57b9e998905496d601e74347d1c86b3277f897be06e4a00bd9d2919068"],"quorum":1,"key_index":1},{"id":"0DHOI2IQ00A02","alias":"bytommaster001","xpubs":["f90b0b0d20651ade20fb11984698e1f9015721c7f999a495a905092da468290009f18f57b9e998905496d601e74347d1c86b3277f897be06e4a00bd9d2919068"],"quorum":1,"key_index":2}]}


0    DEBUG [2018-05-10 18:46:13]  Request:
1    DEBUG [2018-05-10 18:46:13]  POST:http://127.0.0.1:9888/create-key
61   DEBUG [2018-05-10 18:46:13]  API-RemoteIP: 192.168.32.1
111  DEBUG [2018-05-10 18:46:13]  Response:
111  DEBUG [2018-05-10 18:46:13]  https StatusCode:200
112  DEBUG [2018-05-10 18:46:13]  Content-Type:application/json; charset=utf-8
112  DEBUG [2018-05-10 18:46:13]  Vary:Accept-Encoding
112  DEBUG [2018-05-10 18:46:13]  X-Content-Type-Options:nosniff
112  DEBUG [2018-05-10 18:46:13]  X-Frame-Options:DENY
112  DEBUG [2018-05-10 18:46:13]  X-Xss-Protection:1
112  DEBUG [2018-05-10 18:46:13]  Date:Thu, 10 May 2018 10:46:13 GMT
112  DEBUG [2018-05-10 18:46:13]  Content-Length:46
119  DEBUG [2018-05-10 18:46:13]  {"status":"fail","msg":"duplicate key alias"}


0    DEBUG [2018-05-10 18:46:36]  Request:
2    DEBUG [2018-05-10 18:46:36]  POST:http://127.0.0.1:9888/list-keys
63   DEBUG [2018-05-10 18:46:36]  API-RemoteIP: 192.168.32.1
106  DEBUG [2018-05-10 18:46:36]  Response:
107  DEBUG [2018-05-10 18:46:36]  https StatusCode:200
107  DEBUG [2018-05-10 18:46:36]  Content-Type:application/json; charset=utf-8
107  DEBUG [2018-05-10 18:46:36]  Vary:Accept-Encoding
107  DEBUG [2018-05-10 18:46:36]  X-Content-Type-Options:nosniff
107  DEBUG [2018-05-10 18:46:36]  X-Frame-Options:DENY
107  DEBUG [2018-05-10 18:46:36]  X-Xss-Protection:1
108  DEBUG [2018-05-10 18:46:36]  Date:Thu, 10 May 2018 10:46:36 GMT
108  DEBUG [2018-05-10 18:46:36]  Transfer-Encoding:chunked
111  WARN  [2018-05-10 18:46:36]  Going to buffer response body of large or unknown size. Using getResponseBodyAsStream instead is recommended.
112  DEBUG [2018-05-10 18:46:36]  {"status":"success","data":[{"alias":"pwdmaster","xpub":"f90b0b0d20651ade20fb11984698e1f9015721c7f999a495a905092da468290009f18f57b9e998905496d601e74347d1c86b3277f897be06e4a00bd9d2919068","file":"C:\\Users\\hadoop\\AppData\\Roaming\\Bytom\\keystore\\UTC--2018-04-24T09-46-13.362286400Z--698fcf0e-23df-4c5c-ac91-1b6748f78d7e"},{"alias":"22","xpub":"c9697e53a061e43477f95dbbf49485e40635b7e909c2a8fab8b5374d2baa868976852f7bcb3f36f2e0b15adaef66bf3f98979657a3a100ac7241394d9e5d25d0","file":"C:\\Users\\hadoop\\AppData\\Roaming\\Bytom\\keystore\\UTC--2018-05-08T01-58-55.397801100Z--e0f59b6a-f559-4e00-b703-b4c2465da0ef"},{"alias":"3333","xpub":"3f37817178acf8620673244ede74f09b83d9f4df93dc13f76c4b5c460b6e6b8810294175525076fd72a7ba1043847245e30850de765a6ad4f0be345a2f2467a4","file":"C:\\Users\\hadoop\\AppData\\Roaming\\Bytom\\keystore\\UTC--2018-05-08T01-59-08.593177300Z--361ea986-d88d-4596-9620-7b9c2012caae"},{"alias":"jackyken","xpub":"32fc43a39892be54721fb446e56b6689a2a0805e2a23e0f1d258db2fb7fe0980aac6615bfc6c254288f50a5eab0833f2789b006411826372677a266ed40df67b","file":"C:\\Users\\hadoop\\AppData\\Roaming\\Bytom\\keystore\\UTC--2018-05-10T07-30-18.316354800Z--fcf8fd52-982c-438d-808e-7951a1e2e37c"},{"alias":"jackyken3","xpub":"50b29951aab8ec717f69e6e60476b0617bf8dd8cdc5615cd2248de94e6c2d8ca70fc67f936d97ff4c8f094e7479ebec89e1e309ee596eb65b8f450a63bc07e4c","file":"C:\\Users\\hadoop\\AppData\\Roaming\\Bytom\\keystore\\UTC--2018-05-10T08-50-32.846148000Z--850164e5-9af4-42c2-948a-390456aca47a"},{"alias":"jackyken4","xpub":"b16e2299df0c689008c88f20fa192bcd47ab76cadbd9c4528635d6e44d7f8efd0d9de60068ff27d4bd6a7f31a186defbd5f5dab1c14d86e8cb0b3fabd1dd6899","file":"C:\\Users\\hadoop\\AppData\\Roaming\\Bytom\\keystore\\UTC--2018-05-10T09-16-35.688725700Z--3033b491-5a59-4946-8954-71be2ae3ca32"},{"alias":"jackyken5","xpub":"0bfeeeda0722d9dc95548b75cfc4a294cf425ddf68c363d21aefd3ff5a862fd8c5e93f0108442e33a2da384f788ed945c0c29d376ee57ddbb03e1a27ff3c115e","file":"C:\\Users\\hadoop\\AppData\\Roaming\\Bytom\\keystore\\UTC--2018-05-10T10-06-38.391923600Z--1665867a-033a-4500-8925-068e364aed3a"}]}


0    DEBUG [2018-05-10 18:49:41]  Request:
1    DEBUG [2018-05-10 18:49:41]  POST:http://127.0.0.1:9888/list-keys
65   DEBUG [2018-05-10 18:49:41]  API-RemoteIP: 192.168.32.1
140  DEBUG [2018-05-10 18:49:41]  Response:
140  DEBUG [2018-05-10 18:49:41]  https StatusCode:200
140  DEBUG [2018-05-10 18:49:41]  Content-Type:application/json; charset=utf-8
140  DEBUG [2018-05-10 18:49:41]  Vary:Accept-Encoding
140  DEBUG [2018-05-10 18:49:41]  X-Content-Type-Options:nosniff
140  DEBUG [2018-05-10 18:49:41]  X-Frame-Options:DENY
140  DEBUG [2018-05-10 18:49:41]  X-Xss-Protection:1
141  DEBUG [2018-05-10 18:49:41]  Date:Thu, 10 May 2018 10:49:41 GMT
141  DEBUG [2018-05-10 18:49:41]  Transfer-Encoding:chunked
144  WARN  [2018-05-10 18:49:41]  Going to buffer response body of large or unknown size. Using getResponseBodyAsStream instead is recommended.
145  DEBUG [2018-05-10 18:49:41]  {"status":"success","data":[{"alias":"pwdmaster","xpub":"f90b0b0d20651ade20fb11984698e1f9015721c7f999a495a905092da468290009f18f57b9e998905496d601e74347d1c86b3277f897be06e4a00bd9d2919068","file":"C:\\Users\\hadoop\\AppData\\Roaming\\Bytom\\keystore\\UTC--2018-04-24T09-46-13.362286400Z--698fcf0e-23df-4c5c-ac91-1b6748f78d7e"},{"alias":"22","xpub":"c9697e53a061e43477f95dbbf49485e40635b7e909c2a8fab8b5374d2baa868976852f7bcb3f36f2e0b15adaef66bf3f98979657a3a100ac7241394d9e5d25d0","file":"C:\\Users\\hadoop\\AppData\\Roaming\\Bytom\\keystore\\UTC--2018-05-08T01-58-55.397801100Z--e0f59b6a-f559-4e00-b703-b4c2465da0ef"},{"alias":"3333","xpub":"3f37817178acf8620673244ede74f09b83d9f4df93dc13f76c4b5c460b6e6b8810294175525076fd72a7ba1043847245e30850de765a6ad4f0be345a2f2467a4","file":"C:\\Users\\hadoop\\AppData\\Roaming\\Bytom\\keystore\\UTC--2018-05-08T01-59-08.593177300Z--361ea986-d88d-4596-9620-7b9c2012caae"},{"alias":"jackyken","xpub":"32fc43a39892be54721fb446e56b6689a2a0805e2a23e0f1d258db2fb7fe0980aac6615bfc6c254288f50a5eab0833f2789b006411826372677a266ed40df67b","file":"C:\\Users\\hadoop\\AppData\\Roaming\\Bytom\\keystore\\UTC--2018-05-10T07-30-18.316354800Z--fcf8fd52-982c-438d-808e-7951a1e2e37c"},{"alias":"jackyken3","xpub":"50b29951aab8ec717f69e6e60476b0617bf8dd8cdc5615cd2248de94e6c2d8ca70fc67f936d97ff4c8f094e7479ebec89e1e309ee596eb65b8f450a63bc07e4c","file":"C:\\Users\\hadoop\\AppData\\Roaming\\Bytom\\keystore\\UTC--2018-05-10T08-50-32.846148000Z--850164e5-9af4-42c2-948a-390456aca47a"},{"alias":"jackyken4","xpub":"b16e2299df0c689008c88f20fa192bcd47ab76cadbd9c4528635d6e44d7f8efd0d9de60068ff27d4bd6a7f31a186defbd5f5dab1c14d86e8cb0b3fabd1dd6899","file":"C:\\Users\\hadoop\\AppData\\Roaming\\Bytom\\keystore\\UTC--2018-05-10T09-16-35.688725700Z--3033b491-5a59-4946-8954-71be2ae3ca32"},{"alias":"jackyken5","xpub":"0bfeeeda0722d9dc95548b75cfc4a294cf425ddf68c363d21aefd3ff5a862fd8c5e93f0108442e33a2da384f788ed945c0c29d376ee57ddbb03e1a27ff3c115e","file":"C:\\Users\\hadoop\\AppData\\Roaming\\Bytom\\keystore\\UTC--2018-05-10T10-06-38.391923600Z--1665867a-033a-4500-8925-068e364aed3a"}]}


1    DEBUG [2018-05-10 18:49:57]  Request:
2    DEBUG [2018-05-10 18:49:57]  POST:http://127.0.0.1:9888/list-accounts
72   DEBUG [2018-05-10 18:49:57]  API-RemoteIP: 192.168.32.1
117  DEBUG [2018-05-10 18:49:57]  Response:
117  DEBUG [2018-05-10 18:49:57]  https StatusCode:200
117  DEBUG [2018-05-10 18:49:57]  Content-Type:application/json; charset=utf-8
117  DEBUG [2018-05-10 18:49:57]  Vary:Accept-Encoding
118  DEBUG [2018-05-10 18:49:57]  X-Content-Type-Options:nosniff
118  DEBUG [2018-05-10 18:49:57]  X-Frame-Options:DENY
118  DEBUG [2018-05-10 18:49:57]  X-Xss-Protection:1
118  DEBUG [2018-05-10 18:49:57]  Date:Thu, 10 May 2018 10:49:57 GMT
118  DEBUG [2018-05-10 18:49:57]  Content-Length:455
124  DEBUG [2018-05-10 18:49:57]  {"status":"success","data":[{"id":"0D052TU700A02","alias":"bytommaster","xpubs":["f90b0b0d20651ade20fb11984698e1f9015721c7f999a495a905092da468290009f18f57b9e998905496d601e74347d1c86b3277f897be06e4a00bd9d2919068"],"quorum":1,"key_index":1},{"id":"0DHOI2IQ00A02","alias":"bytommaster001","xpubs":["f90b0b0d20651ade20fb11984698e1f9015721c7f999a495a905092da468290009f18f57b9e998905496d601e74347d1c86b3277f897be06e4a00bd9d2919068"],"quorum":1,"key_index":2}]}


1    DEBUG [2018-05-10 19:13:07]  Request:
23   DEBUG [2018-05-10 19:13:07]  POST:http://127.0.0.1:9888/list-accounts
79   DEBUG [2018-05-10 19:13:07]  API-RemoteIP: 192.168.32.1
125  DEBUG [2018-05-10 19:13:07]  Response:
125  DEBUG [2018-05-10 19:13:07]  https StatusCode:200
125  DEBUG [2018-05-10 19:13:07]  Content-Type:application/json; charset=utf-8
125  DEBUG [2018-05-10 19:13:07]  Vary:Accept-Encoding
125  DEBUG [2018-05-10 19:13:07]  X-Content-Type-Options:nosniff
125  DEBUG [2018-05-10 19:13:07]  X-Frame-Options:DENY
125  DEBUG [2018-05-10 19:13:07]  X-Xss-Protection:1
125  DEBUG [2018-05-10 19:13:07]  Date:Thu, 10 May 2018 11:13:07 GMT
126  DEBUG [2018-05-10 19:13:07]  Content-Length:455
137  DEBUG [2018-05-10 19:13:07]  {"status":"success","data":[{"id":"0D052TU700A02","alias":"bytommaster","xpubs":["f90b0b0d20651ade20fb11984698e1f9015721c7f999a495a905092da468290009f18f57b9e998905496d601e74347d1c86b3277f897be06e4a00bd9d2919068"],"quorum":1,"key_index":1},{"id":"0DHOI2IQ00A02","alias":"bytommaster001","xpubs":["f90b0b0d20651ade20fb11984698e1f9015721c7f999a495a905092da468290009f18f57b9e998905496d601e74347d1c86b3277f897be06e4a00bd9d2919068"],"quorum":1,"key_index":2}]}


0    DEBUG [2018-05-10 19:20:31]  Request:
2    DEBUG [2018-05-10 19:20:31]  POST:http://127.0.0.1:9888/list-accounts
66   DEBUG [2018-05-10 19:20:31]  API-RemoteIP: 192.168.32.1
112  DEBUG [2018-05-10 19:20:31]  Response:
112  DEBUG [2018-05-10 19:20:31]  https StatusCode:200
112  DEBUG [2018-05-10 19:20:31]  Content-Type:application/json; charset=utf-8
112  DEBUG [2018-05-10 19:20:31]  Vary:Accept-Encoding
113  DEBUG [2018-05-10 19:20:31]  X-Content-Type-Options:nosniff
113  DEBUG [2018-05-10 19:20:31]  X-Frame-Options:DENY
113  DEBUG [2018-05-10 19:20:31]  X-Xss-Protection:1
113  DEBUG [2018-05-10 19:20:31]  Date:Thu, 10 May 2018 11:20:31 GMT
113  DEBUG [2018-05-10 19:20:31]  Content-Length:455
119  DEBUG [2018-05-10 19:20:31]  {"status":"success","data":[{"id":"0D052TU700A02","alias":"bytommaster","xpubs":["f90b0b0d20651ade20fb11984698e1f9015721c7f999a495a905092da468290009f18f57b9e998905496d601e74347d1c86b3277f897be06e4a00bd9d2919068"],"quorum":1,"key_index":1},{"id":"0DHOI2IQ00A02","alias":"bytommaster001","xpubs":["f90b0b0d20651ade20fb11984698e1f9015721c7f999a495a905092da468290009f18f57b9e998905496d601e74347d1c86b3277f897be06e4a00bd9d2919068"],"quorum":1,"key_index":2}]}


0    DEBUG [2018-05-10 19:23:29]  Request:
1    DEBUG [2018-05-10 19:23:29]  POST:http://127.0.0.1:9888/list-accounts
72   DEBUG [2018-05-10 19:23:29]  API-RemoteIP: 192.168.32.1
113  DEBUG [2018-05-10 19:23:29]  Response:
113  DEBUG [2018-05-10 19:23:29]  https StatusCode:200
114  DEBUG [2018-05-10 19:23:29]  Content-Type:application/json; charset=utf-8
114  DEBUG [2018-05-10 19:23:29]  Vary:Accept-Encoding
114  DEBUG [2018-05-10 19:23:29]  X-Content-Type-Options:nosniff
114  DEBUG [2018-05-10 19:23:29]  X-Frame-Options:DENY
114  DEBUG [2018-05-10 19:23:29]  X-Xss-Protection:1
114  DEBUG [2018-05-10 19:23:29]  Date:Thu, 10 May 2018 11:23:29 GMT
114  DEBUG [2018-05-10 19:23:29]  Content-Length:455
119  DEBUG [2018-05-10 19:23:29]  {"status":"success","data":[{"id":"0D052TU700A02","alias":"bytommaster","xpubs":["f90b0b0d20651ade20fb11984698e1f9015721c7f999a495a905092da468290009f18f57b9e998905496d601e74347d1c86b3277f897be06e4a00bd9d2919068"],"quorum":1,"key_index":1},{"id":"0DHOI2IQ00A02","alias":"bytommaster001","xpubs":["f90b0b0d20651ade20fb11984698e1f9015721c7f999a495a905092da468290009f18f57b9e998905496d601e74347d1c86b3277f897be06e4a00bd9d2919068"],"quorum":1,"key_index":2}]}


1    DEBUG [2018-05-10 19:24:28]  Request:
2    DEBUG [2018-05-10 19:24:28]  POST:http://127.0.0.1:9888/list-accounts
59   DEBUG [2018-05-10 19:24:28]  API-RemoteIP: 192.168.32.1
100  DEBUG [2018-05-10 19:24:28]  Response:
100  DEBUG [2018-05-10 19:24:28]  https StatusCode:200
100  DEBUG [2018-05-10 19:24:28]  Content-Type:application/json; charset=utf-8
100  DEBUG [2018-05-10 19:24:28]  Vary:Accept-Encoding
101  DEBUG [2018-05-10 19:24:28]  X-Content-Type-Options:nosniff
101  DEBUG [2018-05-10 19:24:28]  X-Frame-Options:DENY
101  DEBUG [2018-05-10 19:24:28]  X-Xss-Protection:1
101  DEBUG [2018-05-10 19:24:28]  Date:Thu, 10 May 2018 11:24:28 GMT
101  DEBUG [2018-05-10 19:24:28]  Content-Length:455
107  DEBUG [2018-05-10 19:24:28]  {"status":"success","data":[{"id":"0D052TU700A02","alias":"bytommaster","xpubs":["f90b0b0d20651ade20fb11984698e1f9015721c7f999a495a905092da468290009f18f57b9e998905496d601e74347d1c86b3277f897be06e4a00bd9d2919068"],"quorum":1,"key_index":1},{"id":"0DHOI2IQ00A02","alias":"bytommaster001","xpubs":["f90b0b0d20651ade20fb11984698e1f9015721c7f999a495a905092da468290009f18f57b9e998905496d601e74347d1c86b3277f897be06e4a00bd9d2919068"],"quorum":1,"key_index":2}]}


0    DEBUG [2018-05-10 19:28:49]  Request:
1    DEBUG [2018-05-10 19:28:49]  POST:http://127.0.0.1:9888/list-accounts
63   DEBUG [2018-05-10 19:28:49]  API-RemoteIP: 192.168.32.1
105  DEBUG [2018-05-10 19:28:49]  Response:
105  DEBUG [2018-05-10 19:28:49]  https StatusCode:200
105  DEBUG [2018-05-10 19:28:49]  Content-Type:application/json; charset=utf-8
105  DEBUG [2018-05-10 19:28:49]  Vary:Accept-Encoding
105  DEBUG [2018-05-10 19:28:49]  X-Content-Type-Options:nosniff
105  DEBUG [2018-05-10 19:28:49]  X-Frame-Options:DENY
106  DEBUG [2018-05-10 19:28:49]  X-Xss-Protection:1
106  DEBUG [2018-05-10 19:28:49]  Date:Thu, 10 May 2018 11:28:49 GMT
106  DEBUG [2018-05-10 19:28:49]  Content-Length:455
110  DEBUG [2018-05-10 19:28:49]  {"status":"success","data":[{"id":"0D052TU700A02","alias":"bytommaster","xpubs":["f90b0b0d20651ade20fb11984698e1f9015721c7f999a495a905092da468290009f18f57b9e998905496d601e74347d1c86b3277f897be06e4a00bd9d2919068"],"quorum":1,"key_index":1},{"id":"0DHOI2IQ00A02","alias":"bytommaster001","xpubs":["f90b0b0d20651ade20fb11984698e1f9015721c7f999a495a905092da468290009f18f57b9e998905496d601e74347d1c86b3277f897be06e4a00bd9d2919068"],"quorum":1,"key_index":2}]}


0    DEBUG [2018-05-10 19:42:24]  Request:
1    DEBUG [2018-05-10 19:42:24]  POST:http://127.0.0.1:9888/list-accounts
63   DEBUG [2018-05-10 19:42:24]  API-RemoteIP: 192.168.32.1
106  DEBUG [2018-05-10 19:42:24]  Response:
106  DEBUG [2018-05-10 19:42:24]  https StatusCode:200
106  DEBUG [2018-05-10 19:42:24]  Content-Type:application/json; charset=utf-8
106  DEBUG [2018-05-10 19:42:24]  Vary:Accept-Encoding
106  DEBUG [2018-05-10 19:42:24]  X-Content-Type-Options:nosniff
107  DEBUG [2018-05-10 19:42:24]  X-Frame-Options:DENY
107  DEBUG [2018-05-10 19:42:24]  X-Xss-Protection:1
107  DEBUG [2018-05-10 19:42:24]  Date:Thu, 10 May 2018 11:42:24 GMT
107  DEBUG [2018-05-10 19:42:24]  Content-Length:455
112  DEBUG [2018-05-10 19:42:24]  {"status":"success","data":[{"id":"0D052TU700A02","alias":"bytommaster","xpubs":["f90b0b0d20651ade20fb11984698e1f9015721c7f999a495a905092da468290009f18f57b9e998905496d601e74347d1c86b3277f897be06e4a00bd9d2919068"],"quorum":1,"key_index":1},{"id":"0DHOI2IQ00A02","alias":"bytommaster001","xpubs":["f90b0b0d20651ade20fb11984698e1f9015721c7f999a495a905092da468290009f18f57b9e998905496d601e74347d1c86b3277f897be06e4a00bd9d2919068"],"quorum":1,"key_index":2}]}


0    DEBUG [2018-05-10 19:43:18]  Request:
1    DEBUG [2018-05-10 19:43:18]  POST:http://127.0.0.1:9888/list-accounts
65   DEBUG [2018-05-10 19:43:19]  API-RemoteIP: 192.168.32.1
110  DEBUG [2018-05-10 19:43:19]  Response:
111  DEBUG [2018-05-10 19:43:19]  https StatusCode:200
112  DEBUG [2018-05-10 19:43:19]  Content-Type:application/json; charset=utf-8
112  DEBUG [2018-05-10 19:43:19]  Vary:Accept-Encoding
112  DEBUG [2018-05-10 19:43:19]  X-Content-Type-Options:nosniff
112  DEBUG [2018-05-10 19:43:19]  X-Frame-Options:DENY
112  DEBUG [2018-05-10 19:43:19]  X-Xss-Protection:1
112  DEBUG [2018-05-10 19:43:19]  Date:Thu, 10 May 2018 11:43:19 GMT
113  DEBUG [2018-05-10 19:43:19]  Content-Length:455
124  DEBUG [2018-05-10 19:43:19]  {"status":"success","data":[{"id":"0D052TU700A02","alias":"bytommaster","xpubs":["f90b0b0d20651ade20fb11984698e1f9015721c7f999a495a905092da468290009f18f57b9e998905496d601e74347d1c86b3277f897be06e4a00bd9d2919068"],"quorum":1,"key_index":1},{"id":"0DHOI2IQ00A02","alias":"bytommaster001","xpubs":["f90b0b0d20651ade20fb11984698e1f9015721c7f999a495a905092da468290009f18f57b9e998905496d601e74347d1c86b3277f897be06e4a00bd9d2919068"],"quorum":1,"key_index":2}]}


0    DEBUG [2018-05-10 19:43:27]  Request:
1    DEBUG [2018-05-10 19:43:27]  POST:http://127.0.0.1:9888/list-keys
64   DEBUG [2018-05-10 19:43:27]  API-RemoteIP: 192.168.32.1
437  DEBUG [2018-05-10 19:43:28]  Response:
437  DEBUG [2018-05-10 19:43:28]  https StatusCode:200
438  DEBUG [2018-05-10 19:43:28]  Content-Type:application/json; charset=utf-8
438  DEBUG [2018-05-10 19:43:28]  Vary:Accept-Encoding
439  DEBUG [2018-05-10 19:43:28]  X-Content-Type-Options:nosniff
439  DEBUG [2018-05-10 19:43:28]  X-Frame-Options:DENY
439  DEBUG [2018-05-10 19:43:28]  X-Xss-Protection:1
439  DEBUG [2018-05-10 19:43:28]  Date:Thu, 10 May 2018 11:43:28 GMT
440  DEBUG [2018-05-10 19:43:28]  Transfer-Encoding:chunked
448  WARN  [2018-05-10 19:43:28]  Going to buffer response body of large or unknown size. Using getResponseBodyAsStream instead is recommended.
449  DEBUG [2018-05-10 19:43:28]  {"status":"success","data":[{"alias":"pwdmaster","xpub":"f90b0b0d20651ade20fb11984698e1f9015721c7f999a495a905092da468290009f18f57b9e998905496d601e74347d1c86b3277f897be06e4a00bd9d2919068","file":"C:\\Users\\hadoop\\AppData\\Roaming\\Bytom\\keystore\\UTC--2018-04-24T09-46-13.362286400Z--698fcf0e-23df-4c5c-ac91-1b6748f78d7e"},{"alias":"22","xpub":"c9697e53a061e43477f95dbbf49485e40635b7e909c2a8fab8b5374d2baa868976852f7bcb3f36f2e0b15adaef66bf3f98979657a3a100ac7241394d9e5d25d0","file":"C:\\Users\\hadoop\\AppData\\Roaming\\Bytom\\keystore\\UTC--2018-05-08T01-58-55.397801100Z--e0f59b6a-f559-4e00-b703-b4c2465da0ef"},{"alias":"3333","xpub":"3f37817178acf8620673244ede74f09b83d9f4df93dc13f76c4b5c460b6e6b8810294175525076fd72a7ba1043847245e30850de765a6ad4f0be345a2f2467a4","file":"C:\\Users\\hadoop\\AppData\\Roaming\\Bytom\\keystore\\UTC--2018-05-08T01-59-08.593177300Z--361ea986-d88d-4596-9620-7b9c2012caae"},{"alias":"jackyken","xpub":"32fc43a39892be54721fb446e56b6689a2a0805e2a23e0f1d258db2fb7fe0980aac6615bfc6c254288f50a5eab0833f2789b006411826372677a266ed40df67b","file":"C:\\Users\\hadoop\\AppData\\Roaming\\Bytom\\keystore\\UTC--2018-05-10T07-30-18.316354800Z--fcf8fd52-982c-438d-808e-7951a1e2e37c"},{"alias":"jackyken3","xpub":"50b29951aab8ec717f69e6e60476b0617bf8dd8cdc5615cd2248de94e6c2d8ca70fc67f936d97ff4c8f094e7479ebec89e1e309ee596eb65b8f450a63bc07e4c","file":"C:\\Users\\hadoop\\AppData\\Roaming\\Bytom\\keystore\\UTC--2018-05-10T08-50-32.846148000Z--850164e5-9af4-42c2-948a-390456aca47a"},{"alias":"jackyken4","xpub":"b16e2299df0c689008c88f20fa192bcd47ab76cadbd9c4528635d6e44d7f8efd0d9de60068ff27d4bd6a7f31a186defbd5f5dab1c14d86e8cb0b3fabd1dd6899","file":"C:\\Users\\hadoop\\AppData\\Roaming\\Bytom\\keystore\\UTC--2018-05-10T09-16-35.688725700Z--3033b491-5a59-4946-8954-71be2ae3ca32"},{"alias":"jackyken5","xpub":"0bfeeeda0722d9dc95548b75cfc4a294cf425ddf68c363d21aefd3ff5a862fd8c5e93f0108442e33a2da384f788ed945c0c29d376ee57ddbb03e1a27ff3c115e","file":"C:\\Users\\hadoop\\AppData\\Roaming\\Bytom\\keystore\\UTC--2018-05-10T10-06-38.391923600Z--1665867a-033a-4500-8925-068e364aed3a"}]}


0    DEBUG [2018-05-10 19:56:14]  Request:
2    DEBUG [2018-05-10 19:56:14]  POST:http://127.0.0.1:9888/list-keys
73   DEBUG [2018-05-10 19:56:14]  API-RemoteIP: 192.168.32.1
120  DEBUG [2018-05-10 19:56:14]  Response:
120  DEBUG [2018-05-10 19:56:14]  https StatusCode:200
120  DEBUG [2018-05-10 19:56:14]  Content-Type:application/json; charset=utf-8
121  DEBUG [2018-05-10 19:56:14]  Vary:Accept-Encoding
121  DEBUG [2018-05-10 19:56:14]  X-Content-Type-Options:nosniff
121  DEBUG [2018-05-10 19:56:14]  X-Frame-Options:DENY
121  DEBUG [2018-05-10 19:56:14]  X-Xss-Protection:1
121  DEBUG [2018-05-10 19:56:14]  Date:Thu, 10 May 2018 11:56:14 GMT
121  DEBUG [2018-05-10 19:56:14]  Transfer-Encoding:chunked
126  WARN  [2018-05-10 19:56:14]  Going to buffer response body of large or unknown size. Using getResponseBodyAsStream instead is recommended.
127  DEBUG [2018-05-10 19:56:14]  {"status":"success","data":[{"alias":"pwdmaster","xpub":"f90b0b0d20651ade20fb11984698e1f9015721c7f999a495a905092da468290009f18f57b9e998905496d601e74347d1c86b3277f897be06e4a00bd9d2919068","file":"C:\\Users\\hadoop\\AppData\\Roaming\\Bytom\\keystore\\UTC--2018-04-24T09-46-13.362286400Z--698fcf0e-23df-4c5c-ac91-1b6748f78d7e"},{"alias":"22","xpub":"c9697e53a061e43477f95dbbf49485e40635b7e909c2a8fab8b5374d2baa868976852f7bcb3f36f2e0b15adaef66bf3f98979657a3a100ac7241394d9e5d25d0","file":"C:\\Users\\hadoop\\AppData\\Roaming\\Bytom\\keystore\\UTC--2018-05-08T01-58-55.397801100Z--e0f59b6a-f559-4e00-b703-b4c2465da0ef"},{"alias":"3333","xpub":"3f37817178acf8620673244ede74f09b83d9f4df93dc13f76c4b5c460b6e6b8810294175525076fd72a7ba1043847245e30850de765a6ad4f0be345a2f2467a4","file":"C:\\Users\\hadoop\\AppData\\Roaming\\Bytom\\keystore\\UTC--2018-05-08T01-59-08.593177300Z--361ea986-d88d-4596-9620-7b9c2012caae"},{"alias":"jackyken","xpub":"32fc43a39892be54721fb446e56b6689a2a0805e2a23e0f1d258db2fb7fe0980aac6615bfc6c254288f50a5eab0833f2789b006411826372677a266ed40df67b","file":"C:\\Users\\hadoop\\AppData\\Roaming\\Bytom\\keystore\\UTC--2018-05-10T07-30-18.316354800Z--fcf8fd52-982c-438d-808e-7951a1e2e37c"},{"alias":"jackyken3","xpub":"50b29951aab8ec717f69e6e60476b0617bf8dd8cdc5615cd2248de94e6c2d8ca70fc67f936d97ff4c8f094e7479ebec89e1e309ee596eb65b8f450a63bc07e4c","file":"C:\\Users\\hadoop\\AppData\\Roaming\\Bytom\\keystore\\UTC--2018-05-10T08-50-32.846148000Z--850164e5-9af4-42c2-948a-390456aca47a"},{"alias":"jackyken4","xpub":"b16e2299df0c689008c88f20fa192bcd47ab76cadbd9c4528635d6e44d7f8efd0d9de60068ff27d4bd6a7f31a186defbd5f5dab1c14d86e8cb0b3fabd1dd6899","file":"C:\\Users\\hadoop\\AppData\\Roaming\\Bytom\\keystore\\UTC--2018-05-10T09-16-35.688725700Z--3033b491-5a59-4946-8954-71be2ae3ca32"},{"alias":"jackyken5","xpub":"0bfeeeda0722d9dc95548b75cfc4a294cf425ddf68c363d21aefd3ff5a862fd8c5e93f0108442e33a2da384f788ed945c0c29d376ee57ddbb03e1a27ff3c115e","file":"C:\\Users\\hadoop\\AppData\\Roaming\\Bytom\\keystore\\UTC--2018-05-10T10-06-38.391923600Z--1665867a-033a-4500-8925-068e364aed3a"}]}


0    DEBUG [2018-05-10 19:59:41]  Request:
1    DEBUG [2018-05-10 19:59:41]  POST:http://127.0.0.1:9888/list-keys
64   DEBUG [2018-05-10 19:59:41]  API-RemoteIP: 192.168.32.1
141  DEBUG [2018-05-10 19:59:41]  Response:
141  DEBUG [2018-05-10 19:59:41]  https StatusCode:200
142  DEBUG [2018-05-10 19:59:41]  Content-Type:application/json; charset=utf-8
142  DEBUG [2018-05-10 19:59:41]  Vary:Accept-Encoding
142  DEBUG [2018-05-10 19:59:41]  X-Content-Type-Options:nosniff
142  DEBUG [2018-05-10 19:59:41]  X-Frame-Options:DENY
142  DEBUG [2018-05-10 19:59:41]  X-Xss-Protection:1
142  DEBUG [2018-05-10 19:59:41]  Date:Thu, 10 May 2018 11:59:41 GMT
142  DEBUG [2018-05-10 19:59:41]  Transfer-Encoding:chunked
145  WARN  [2018-05-10 19:59:41]  Going to buffer response body of large or unknown size. Using getResponseBodyAsStream instead is recommended.
146  DEBUG [2018-05-10 19:59:41]  {"status":"success","data":[{"alias":"pwdmaster","xpub":"f90b0b0d20651ade20fb11984698e1f9015721c7f999a495a905092da468290009f18f57b9e998905496d601e74347d1c86b3277f897be06e4a00bd9d2919068","file":"C:\\Users\\hadoop\\AppData\\Roaming\\Bytom\\keystore\\UTC--2018-04-24T09-46-13.362286400Z--698fcf0e-23df-4c5c-ac91-1b6748f78d7e"},{"alias":"22","xpub":"c9697e53a061e43477f95dbbf49485e40635b7e909c2a8fab8b5374d2baa868976852f7bcb3f36f2e0b15adaef66bf3f98979657a3a100ac7241394d9e5d25d0","file":"C:\\Users\\hadoop\\AppData\\Roaming\\Bytom\\keystore\\UTC--2018-05-08T01-58-55.397801100Z--e0f59b6a-f559-4e00-b703-b4c2465da0ef"},{"alias":"3333","xpub":"3f37817178acf8620673244ede74f09b83d9f4df93dc13f76c4b5c460b6e6b8810294175525076fd72a7ba1043847245e30850de765a6ad4f0be345a2f2467a4","file":"C:\\Users\\hadoop\\AppData\\Roaming\\Bytom\\keystore\\UTC--2018-05-08T01-59-08.593177300Z--361ea986-d88d-4596-9620-7b9c2012caae"},{"alias":"jackyken","xpub":"32fc43a39892be54721fb446e56b6689a2a0805e2a23e0f1d258db2fb7fe0980aac6615bfc6c254288f50a5eab0833f2789b006411826372677a266ed40df67b","file":"C:\\Users\\hadoop\\AppData\\Roaming\\Bytom\\keystore\\UTC--2018-05-10T07-30-18.316354800Z--fcf8fd52-982c-438d-808e-7951a1e2e37c"},{"alias":"jackyken3","xpub":"50b29951aab8ec717f69e6e60476b0617bf8dd8cdc5615cd2248de94e6c2d8ca70fc67f936d97ff4c8f094e7479ebec89e1e309ee596eb65b8f450a63bc07e4c","file":"C:\\Users\\hadoop\\AppData\\Roaming\\Bytom\\keystore\\UTC--2018-05-10T08-50-32.846148000Z--850164e5-9af4-42c2-948a-390456aca47a"},{"alias":"jackyken4","xpub":"b16e2299df0c689008c88f20fa192bcd47ab76cadbd9c4528635d6e44d7f8efd0d9de60068ff27d4bd6a7f31a186defbd5f5dab1c14d86e8cb0b3fabd1dd6899","file":"C:\\Users\\hadoop\\AppData\\Roaming\\Bytom\\keystore\\UTC--2018-05-10T09-16-35.688725700Z--3033b491-5a59-4946-8954-71be2ae3ca32"},{"alias":"jackyken5","xpub":"0bfeeeda0722d9dc95548b75cfc4a294cf425ddf68c363d21aefd3ff5a862fd8c5e93f0108442e33a2da384f788ed945c0c29d376ee57ddbb03e1a27ff3c115e","file":"C:\\Users\\hadoop\\AppData\\Roaming\\Bytom\\keystore\\UTC--2018-05-10T10-06-38.391923600Z--1665867a-033a-4500-8925-068e364aed3a"}]}


0    DEBUG [2018-05-10 22:05:08]  Request:
51   DEBUG [2018-05-10 22:05:08]  POST:http://127.0.0.1:9888/create-key
120  DEBUG [2018-05-10 22:05:08]  API-RemoteIP: 192.168.32.1
324  DEBUG [2018-05-10 22:05:08]  Response:
324  DEBUG [2018-05-10 22:05:08]  https StatusCode:200
324  DEBUG [2018-05-10 22:05:08]  Content-Type:application/json; charset=utf-8
324  DEBUG [2018-05-10 22:05:08]  Vary:Accept-Encoding
325  DEBUG [2018-05-10 22:05:08]  X-Content-Type-Options:nosniff
325  DEBUG [2018-05-10 22:05:08]  X-Frame-Options:DENY
325  DEBUG [2018-05-10 22:05:08]  X-Xss-Protection:1
325  DEBUG [2018-05-10 22:05:08]  Date:Thu, 10 May 2018 14:05:08 GMT
325  DEBUG [2018-05-10 22:05:08]  Content-Length:325
340  DEBUG [2018-05-10 22:05:08]  {"status":"success","data":{"alias":"jackyken6","xpub":"c45afcccc788db3d449c3001a5aa801bb0fbbbbdb78e7dd53a2b72839fe51a9ad15ad033e6bfa12c930f670ccf58f2906d9d76abafcbc87eb11046f3a0aadec0","file":"C:\\Users\\hadoop\\AppData\\Roaming\\Bytom\\keystore\\UTC--2018-05-10T14-05-08.763071800Z--6769f729-403a-4271-83b7-b3f6134537d7"}}


0    DEBUG [2018-05-10 22:14:24]  Request:
1    DEBUG [2018-05-10 22:14:24]  POST:http://127.0.0.1:9888/create-key
68   DEBUG [2018-05-10 22:14:24]  API-RemoteIP: 192.168.32.1
113  DEBUG [2018-05-10 22:14:24]  Response:
114  DEBUG [2018-05-10 22:14:24]  https StatusCode:200
114  DEBUG [2018-05-10 22:14:24]  Content-Type:application/json; charset=utf-8
114  DEBUG [2018-05-10 22:14:24]  Vary:Accept-Encoding
114  DEBUG [2018-05-10 22:14:24]  X-Content-Type-Options:nosniff
115  DEBUG [2018-05-10 22:14:24]  X-Frame-Options:DENY
115  DEBUG [2018-05-10 22:14:24]  X-Xss-Protection:1
115  DEBUG [2018-05-10 22:14:24]  Date:Thu, 10 May 2018 14:14:24 GMT
115  DEBUG [2018-05-10 22:14:24]  Content-Length:46
121  DEBUG [2018-05-10 22:14:24]  {"status":"fail","msg":"duplicate key alias"}


0    DEBUG [2018-05-10 22:20:23]  Request:
2    DEBUG [2018-05-10 22:20:23]  POST:http://127.0.0.1:9888/create-key
96   DEBUG [2018-05-10 22:20:23]  API-RemoteIP: 192.168.32.1
162  DEBUG [2018-05-10 22:20:23]  Response:
162  DEBUG [2018-05-10 22:20:23]  https StatusCode:200
162  DEBUG [2018-05-10 22:20:23]  Content-Type:application/json; charset=utf-8
162  DEBUG [2018-05-10 22:20:23]  Vary:Accept-Encoding
162  DEBUG [2018-05-10 22:20:23]  X-Content-Type-Options:nosniff
162  DEBUG [2018-05-10 22:20:23]  X-Frame-Options:DENY
162  DEBUG [2018-05-10 22:20:23]  X-Xss-Protection:1
163  DEBUG [2018-05-10 22:20:23]  Date:Thu, 10 May 2018 14:20:23 GMT
163  DEBUG [2018-05-10 22:20:23]  Content-Length:46
167  DEBUG [2018-05-10 22:20:23]  {"status":"fail","msg":"duplicate key alias"}


0    DEBUG [2018-05-10 22:20:41]  Request:
1    DEBUG [2018-05-10 22:20:41]  POST:http://127.0.0.1:9888/create-key
64   DEBUG [2018-05-10 22:20:41]  API-RemoteIP: 192.168.32.1
229  DEBUG [2018-05-10 22:20:41]  Response:
229  DEBUG [2018-05-10 22:20:41]  https StatusCode:200
229  DEBUG [2018-05-10 22:20:41]  Content-Type:application/json; charset=utf-8
229  DEBUG [2018-05-10 22:20:41]  Vary:Accept-Encoding
229  DEBUG [2018-05-10 22:20:41]  X-Content-Type-Options:nosniff
229  DEBUG [2018-05-10 22:20:41]  X-Frame-Options:DENY
229  DEBUG [2018-05-10 22:20:41]  X-Xss-Protection:1
230  DEBUG [2018-05-10 22:20:41]  Date:Thu, 10 May 2018 14:20:41 GMT
230  DEBUG [2018-05-10 22:20:41]  Content-Length:325
235  DEBUG [2018-05-10 22:20:41]  {"status":"success","data":{"alias":"jackyken7","xpub":"795f5423176635bdd12ee0ed4bfb8a5e100417c39ae2d5b29f4babf4184fb0027b38b58ba7a06a10a22f7f459cbaac7a476e2e96cd3eaa303f10fa14913a544e","file":"C:\\Users\\hadoop\\AppData\\Roaming\\Bytom\\keystore\\UTC--2018-05-10T14-20-41.520524600Z--ce83d130-d02b-4128-979c-7b499f73dfe0"}}


0    DEBUG [2018-05-10 22:26:05]  Request:
1    DEBUG [2018-05-10 22:26:05]  POST:http://127.0.0.1:9888/create-key
66   DEBUG [2018-05-10 22:26:05]  API-RemoteIP: 192.168.32.1
111  DEBUG [2018-05-10 22:26:05]  Response:
111  DEBUG [2018-05-10 22:26:05]  https StatusCode:200
111  DEBUG [2018-05-10 22:26:05]  Content-Type:application/json; charset=utf-8
111  DEBUG [2018-05-10 22:26:05]  Vary:Accept-Encoding
112  DEBUG [2018-05-10 22:26:05]  X-Content-Type-Options:nosniff
112  DEBUG [2018-05-10 22:26:05]  X-Frame-Options:DENY
112  DEBUG [2018-05-10 22:26:05]  X-Xss-Protection:1
112  DEBUG [2018-05-10 22:26:05]  Date:Thu, 10 May 2018 14:26:05 GMT
112  DEBUG [2018-05-10 22:26:05]  Content-Length:46
119  DEBUG [2018-05-10 22:26:05]  {"status":"fail","msg":"duplicate key alias"}


0    DEBUG [2018-05-10 22:26:17]  Request:
3    DEBUG [2018-05-10 22:26:17]  POST:http://127.0.0.1:9888/create-key
69   DEBUG [2018-05-10 22:26:17]  API-RemoteIP: 192.168.32.1
243  DEBUG [2018-05-10 22:26:17]  Response:
244  DEBUG [2018-05-10 22:26:17]  https StatusCode:200
244  DEBUG [2018-05-10 22:26:17]  Content-Type:application/json; charset=utf-8
244  DEBUG [2018-05-10 22:26:17]  Vary:Accept-Encoding
244  DEBUG [2018-05-10 22:26:17]  X-Content-Type-Options:nosniff
244  DEBUG [2018-05-10 22:26:17]  X-Frame-Options:DENY
244  DEBUG [2018-05-10 22:26:17]  X-Xss-Protection:1
244  DEBUG [2018-05-10 22:26:17]  Date:Thu, 10 May 2018 14:26:17 GMT
244  DEBUG [2018-05-10 22:26:17]  Content-Length:325
250  DEBUG [2018-05-10 22:26:17]  {"status":"success","data":{"alias":"jackyken8","xpub":"9105c4b6baa92ab645b3916059c1e3aa410f3d6803f8865d29c822a0d0d91ccd6a12b95b8e109b04945ab31c8bc2735b21982a76f2123df4183e4f4e3b7f089f","file":"C:\\Users\\hadoop\\AppData\\Roaming\\Bytom\\keystore\\UTC--2018-05-10T14-26-17.485321500Z--5936c556-50cf-4bd1-ac50-dae1e54832d9"}}


0    DEBUG [2018-05-10 22:42:13]  Request:
23   DEBUG [2018-05-10 22:42:13]  POST:http://127.0.0.1:9888/list-keys
76   DEBUG [2018-05-10 22:42:13]  API-RemoteIP: 192.168.32.1
494  DEBUG [2018-05-10 22:42:13]  Response:
494  DEBUG [2018-05-10 22:42:13]  https StatusCode:200
494  DEBUG [2018-05-10 22:42:13]  Content-Type:application/json; charset=utf-8
494  DEBUG [2018-05-10 22:42:13]  Vary:Accept-Encoding
494  DEBUG [2018-05-10 22:42:13]  X-Content-Type-Options:nosniff
494  DEBUG [2018-05-10 22:42:13]  X-Frame-Options:DENY
494  DEBUG [2018-05-10 22:42:13]  X-Xss-Protection:1
495  DEBUG [2018-05-10 22:42:13]  Date:Thu, 10 May 2018 14:42:13 GMT
495  DEBUG [2018-05-10 22:42:13]  Transfer-Encoding:chunked
503  WARN  [2018-05-10 22:42:13]  Going to buffer response body of large or unknown size. Using getResponseBodyAsStream instead is recommended.
504  DEBUG [2018-05-10 22:42:13]  {"status":"success","data":[{"alias":"pwdmaster","xpub":"f90b0b0d20651ade20fb11984698e1f9015721c7f999a495a905092da468290009f18f57b9e998905496d601e74347d1c86b3277f897be06e4a00bd9d2919068","file":"C:\\Users\\hadoop\\AppData\\Roaming\\Bytom\\keystore\\UTC--2018-04-24T09-46-13.362286400Z--698fcf0e-23df-4c5c-ac91-1b6748f78d7e"},{"alias":"22","xpub":"c9697e53a061e43477f95dbbf49485e40635b7e909c2a8fab8b5374d2baa868976852f7bcb3f36f2e0b15adaef66bf3f98979657a3a100ac7241394d9e5d25d0","file":"C:\\Users\\hadoop\\AppData\\Roaming\\Bytom\\keystore\\UTC--2018-05-08T01-58-55.397801100Z--e0f59b6a-f559-4e00-b703-b4c2465da0ef"},{"alias":"3333","xpub":"3f37817178acf8620673244ede74f09b83d9f4df93dc13f76c4b5c460b6e6b8810294175525076fd72a7ba1043847245e30850de765a6ad4f0be345a2f2467a4","file":"C:\\Users\\hadoop\\AppData\\Roaming\\Bytom\\keystore\\UTC--2018-05-08T01-59-08.593177300Z--361ea986-d88d-4596-9620-7b9c2012caae"},{"alias":"jackyken","xpub":"32fc43a39892be54721fb446e56b6689a2a0805e2a23e0f1d258db2fb7fe0980aac6615bfc6c254288f50a5eab0833f2789b006411826372677a266ed40df67b","file":"C:\\Users\\hadoop\\AppData\\Roaming\\Bytom\\keystore\\UTC--2018-05-10T07-30-18.316354800Z--fcf8fd52-982c-438d-808e-7951a1e2e37c"},{"alias":"jackyken3","xpub":"50b29951aab8ec717f69e6e60476b0617bf8dd8cdc5615cd2248de94e6c2d8ca70fc67f936d97ff4c8f094e7479ebec89e1e309ee596eb65b8f450a63bc07e4c","file":"C:\\Users\\hadoop\\AppData\\Roaming\\Bytom\\keystore\\UTC--2018-05-10T08-50-32.846148000Z--850164e5-9af4-42c2-948a-390456aca47a"},{"alias":"jackyken4","xpub":"b16e2299df0c689008c88f20fa192bcd47ab76cadbd9c4528635d6e44d7f8efd0d9de60068ff27d4bd6a7f31a186defbd5f5dab1c14d86e8cb0b3fabd1dd6899","file":"C:\\Users\\hadoop\\AppData\\Roaming\\Bytom\\keystore\\UTC--2018-05-10T09-16-35.688725700Z--3033b491-5a59-4946-8954-71be2ae3ca32"},{"alias":"jackyken5","xpub":"0bfeeeda0722d9dc95548b75cfc4a294cf425ddf68c363d21aefd3ff5a862fd8c5e93f0108442e33a2da384f788ed945c0c29d376ee57ddbb03e1a27ff3c115e","file":"C:\\Users\\hadoop\\AppData\\Roaming\\Bytom\\keystore\\UTC--2018-05-10T10-06-38.391923600Z--1665867a-033a-4500-8925-068e364aed3a"},{"alias":"jackyken6","xpub":"c45afcccc788db3d449c3001a5aa801bb0fbbbbdb78e7dd53a2b72839fe51a9ad15ad033e6bfa12c930f670ccf58f2906d9d76abafcbc87eb11046f3a0aadec0","file":"C:\\Users\\hadoop\\AppData\\Roaming\\Bytom\\keystore\\UTC--2018-05-10T14-05-08.763071800Z--6769f729-403a-4271-83b7-b3f6134537d7"},{"alias":"jackyken7","xpub":"795f5423176635bdd12ee0ed4bfb8a5e100417c39ae2d5b29f4babf4184fb0027b38b58ba7a06a10a22f7f459cbaac7a476e2e96cd3eaa303f10fa14913a544e","file":"C:\\Users\\hadoop\\AppData\\Roaming\\Bytom\\keystore\\UTC--2018-05-10T14-20-41.520524600Z--ce83d130-d02b-4128-979c-7b499f73dfe0"},{"alias":"jackyken8","xpub":"9105c4b6baa92ab645b3916059c1e3aa410f3d6803f8865d29c822a0d0d91ccd6a12b95b8e109b04945ab31c8bc2735b21982a76f2123df4183e4f4e3b7f089f","file":"C:\\Users\\hadoop\\AppData\\Roaming\\Bytom\\keystore\\UTC--2018-05-10T14-26-17.485321500Z--5936c556-50cf-4bd1-ac50-dae1e54832d9"}]}


0    DEBUG [2018-05-10 22:46:06]  Request:
2    DEBUG [2018-05-10 22:46:06]  POST:http://127.0.0.1:9888/create-key
75   DEBUG [2018-05-10 22:46:06]  API-RemoteIP: 192.168.32.1
126  DEBUG [2018-05-10 22:46:06]  Response:
126  DEBUG [2018-05-10 22:46:06]  https StatusCode:200
126  DEBUG [2018-05-10 22:46:06]  Content-Type:application/json; charset=utf-8
127  DEBUG [2018-05-10 22:46:06]  Vary:Accept-Encoding
127  DEBUG [2018-05-10 22:46:06]  X-Content-Type-Options:nosniff
127  DEBUG [2018-05-10 22:46:06]  X-Frame-Options:DENY
127  DEBUG [2018-05-10 22:46:06]  X-Xss-Protection:1
127  DEBUG [2018-05-10 22:46:06]  Date:Thu, 10 May 2018 14:46:06 GMT
127  DEBUG [2018-05-10 22:46:06]  Content-Length:46
133  DEBUG [2018-05-10 22:46:06]  {"status":"fail","msg":"duplicate key alias"}


0    DEBUG [2018-05-10 22:46:34]  Request:
1    DEBUG [2018-05-10 22:46:34]  POST:http://127.0.0.1:9888/delete-key
69   DEBUG [2018-05-10 22:46:34]  API-RemoteIP: 192.168.32.1
110  DEBUG [2018-05-10 22:46:34]  Response:
111  DEBUG [2018-05-10 22:46:34]  https StatusCode:400
111  DEBUG [2018-05-10 22:46:34]  Content-Type:application/json; charset=utf-8
111  DEBUG [2018-05-10 22:46:34]  Vary:Accept-Encoding
111  DEBUG [2018-05-10 22:46:34]  X-Content-Type-Options:nosniff
111  DEBUG [2018-05-10 22:46:34]  X-Frame-Options:DENY
111  DEBUG [2018-05-10 22:46:34]  X-Xss-Protection:1
112  DEBUG [2018-05-10 22:46:34]  Date:Thu, 10 May 2018 14:46:34 GMT
112  DEBUG [2018-05-10 22:46:34]  Content-Length:157
118  DEBUG [2018-05-10 22:46:34]  {"code":"BTM003","message":"Invalid request body","detail":"bad key string: check request parameters for missing and/or incorrect values","temporary":false}


1    DEBUG [2018-05-10 22:47:22]  Request:
2    DEBUG [2018-05-10 22:47:22]  POST:http://127.0.0.1:9888/delete-key
68   DEBUG [2018-05-10 22:47:22]  API-RemoteIP: 192.168.32.1
247  DEBUG [2018-05-10 22:47:22]  Response:
247  DEBUG [2018-05-10 22:47:22]  https StatusCode:200
247  DEBUG [2018-05-10 22:47:22]  Content-Type:application/json; charset=utf-8
247  DEBUG [2018-05-10 22:47:22]  Vary:Accept-Encoding
247  DEBUG [2018-05-10 22:47:22]  X-Content-Type-Options:nosniff
247  DEBUG [2018-05-10 22:47:22]  X-Frame-Options:DENY
248  DEBUG [2018-05-10 22:47:22]  X-Xss-Protection:1
248  DEBUG [2018-05-10 22:47:22]  Date:Thu, 10 May 2018 14:47:22 GMT
248  DEBUG [2018-05-10 22:47:22]  Content-Length:21
254  DEBUG [2018-05-10 22:47:22]  {"status":"success"}


0    DEBUG [2018-05-10 22:48:32]  Request:
15   DEBUG [2018-05-10 22:48:32]  POST:http://127.0.0.1:9888/delete-key
165  DEBUG [2018-05-10 22:48:32]  API-RemoteIP: 192.168.32.1
219  DEBUG [2018-05-10 22:48:32]  Response:
219  DEBUG [2018-05-10 22:48:32]  https StatusCode:200
220  DEBUG [2018-05-10 22:48:32]  Content-Type:application/json; charset=utf-8
220  DEBUG [2018-05-10 22:48:32]  Vary:Accept-Encoding
220  DEBUG [2018-05-10 22:48:32]  X-Content-Type-Options:nosniff
220  DEBUG [2018-05-10 22:48:32]  X-Frame-Options:DENY
220  DEBUG [2018-05-10 22:48:32]  X-Xss-Protection:1
220  DEBUG [2018-05-10 22:48:32]  Date:Thu, 10 May 2018 14:48:32 GMT
220  DEBUG [2018-05-10 22:48:32]  Content-Length:59
226  DEBUG [2018-05-10 22:48:32]  {"status":"fail","msg":"key not found or wrong password "}


0    DEBUG [2018-05-10 22:51:28]  Request:
1    DEBUG [2018-05-10 22:51:28]  POST:http://127.0.0.1:9888/delete-key
64   DEBUG [2018-05-10 22:51:28]  API-RemoteIP: 192.168.32.1
108  DEBUG [2018-05-10 22:51:28]  Response:
108  DEBUG [2018-05-10 22:51:28]  https StatusCode:200
109  DEBUG [2018-05-10 22:51:28]  Content-Type:application/json; charset=utf-8
109  DEBUG [2018-05-10 22:51:28]  Vary:Accept-Encoding
109  DEBUG [2018-05-10 22:51:28]  X-Content-Type-Options:nosniff
109  DEBUG [2018-05-10 22:51:28]  X-Frame-Options:DENY
109  DEBUG [2018-05-10 22:51:28]  X-Xss-Protection:1
109  DEBUG [2018-05-10 22:51:28]  Date:Thu, 10 May 2018 14:51:28 GMT
109  DEBUG [2018-05-10 22:51:28]  Content-Length:59
115  DEBUG [2018-05-10 22:51:28]  {"status":"fail","msg":"key not found or wrong password "}


0    DEBUG [2018-05-10 22:53:31]  Request:
2    DEBUG [2018-05-10 22:53:31]  POST:http://127.0.0.1:9888/delete-key
65   DEBUG [2018-05-10 22:53:31]  API-RemoteIP: 192.168.32.1
113  DEBUG [2018-05-10 22:53:31]  Response:
113  DEBUG [2018-05-10 22:53:31]  https StatusCode:200
114  DEBUG [2018-05-10 22:53:31]  Content-Type:application/json; charset=utf-8
114  DEBUG [2018-05-10 22:53:31]  Vary:Accept-Encoding
114  DEBUG [2018-05-10 22:53:31]  X-Content-Type-Options:nosniff
114  DEBUG [2018-05-10 22:53:31]  X-Frame-Options:DENY
114  DEBUG [2018-05-10 22:53:31]  X-Xss-Protection:1
114  DEBUG [2018-05-10 22:53:31]  Date:Thu, 10 May 2018 14:53:31 GMT
114  DEBUG [2018-05-10 22:53:31]  Content-Length:59
120  DEBUG [2018-05-10 22:53:31]  {"status":"fail","msg":"key not found or wrong password "}


0    DEBUG [2018-05-10 22:54:50]  Request:
2    DEBUG [2018-05-10 22:54:50]  POST:http://127.0.0.1:9888/delete-key
92   DEBUG [2018-05-10 22:54:50]  API-RemoteIP: 192.168.32.1
167  DEBUG [2018-05-10 22:54:51]  Response:
167  DEBUG [2018-05-10 22:54:51]  https StatusCode:200
168  DEBUG [2018-05-10 22:54:51]  Content-Type:application/json; charset=utf-8
168  DEBUG [2018-05-10 22:54:51]  Vary:Accept-Encoding
168  DEBUG [2018-05-10 22:54:51]  X-Content-Type-Options:nosniff
168  DEBUG [2018-05-10 22:54:51]  X-Frame-Options:DENY
168  DEBUG [2018-05-10 22:54:51]  X-Xss-Protection:1
168  DEBUG [2018-05-10 22:54:51]  Date:Thu, 10 May 2018 14:54:51 GMT
168  DEBUG [2018-05-10 22:54:51]  Content-Length:59
175  DEBUG [2018-05-10 22:54:51]  {"status":"fail","msg":"key not found or wrong password "}


0    DEBUG [2018-05-10 22:57:19]  Request:
2    DEBUG [2018-05-10 22:57:19]  POST:http://127.0.0.1:9888/delete-key
94   DEBUG [2018-05-10 22:57:19]  API-RemoteIP: 192.168.32.1
192  DEBUG [2018-05-10 22:57:19]  Response:
192  DEBUG [2018-05-10 22:57:19]  https StatusCode:200
192  DEBUG [2018-05-10 22:57:19]  Content-Type:application/json; charset=utf-8
193  DEBUG [2018-05-10 22:57:19]  Vary:Accept-Encoding
193  DEBUG [2018-05-10 22:57:19]  X-Content-Type-Options:nosniff
193  DEBUG [2018-05-10 22:57:19]  X-Frame-Options:DENY
193  DEBUG [2018-05-10 22:57:19]  X-Xss-Protection:1
193  DEBUG [2018-05-10 22:57:19]  Date:Thu, 10 May 2018 14:57:19 GMT
193  DEBUG [2018-05-10 22:57:19]  Content-Length:59
200  DEBUG [2018-05-10 22:57:19]  {"status":"fail","msg":"key not found or wrong password "}


202  INFO  [2018-05-10 22:57:19]  getStatus:fail
202  INFO  [2018-05-10 22:57:19]  getMsg:key not found or wrong password 
0    DEBUG [2018-05-10 22:59:46]  Request:
2    DEBUG [2018-05-10 22:59:46]  POST:http://127.0.0.1:9888/delete-key
70   DEBUG [2018-05-10 22:59:46]  API-RemoteIP: 192.168.32.1
126  DEBUG [2018-05-10 22:59:46]  Response:
126  DEBUG [2018-05-10 22:59:46]  https StatusCode:200
126  DEBUG [2018-05-10 22:59:46]  Content-Type:application/json; charset=utf-8
126  DEBUG [2018-05-10 22:59:46]  Vary:Accept-Encoding
126  DEBUG [2018-05-10 22:59:46]  X-Content-Type-Options:nosniff
127  DEBUG [2018-05-10 22:59:46]  X-Frame-Options:DENY
127  DEBUG [2018-05-10 22:59:46]  X-Xss-Protection:1
127  DEBUG [2018-05-10 22:59:46]  Date:Thu, 10 May 2018 14:59:46 GMT
127  DEBUG [2018-05-10 22:59:46]  Content-Length:59
133  DEBUG [2018-05-10 22:59:46]  {"status":"fail","msg":"key not found or wrong password "}


135  DEBUG [2018-05-10 22:59:46]  getStatus:fail
136  DEBUG [2018-05-10 22:59:46]  getMsg:key not found or wrong password 
0    DEBUG [2018-05-10 23:02:27]  Request:
1    DEBUG [2018-05-10 23:02:27]  POST:http://127.0.0.1:9888/list-keys
64   DEBUG [2018-05-10 23:02:28]  API-RemoteIP: 192.168.32.1
143  DEBUG [2018-05-10 23:02:28]  Response:
143  DEBUG [2018-05-10 23:02:28]  https StatusCode:200
143  DEBUG [2018-05-10 23:02:28]  Content-Type:application/json; charset=utf-8
143  DEBUG [2018-05-10 23:02:28]  Vary:Accept-Encoding
144  DEBUG [2018-05-10 23:02:28]  X-Content-Type-Options:nosniff
144  DEBUG [2018-05-10 23:02:28]  X-Frame-Options:DENY
144  DEBUG [2018-05-10 23:02:28]  X-Xss-Protection:1
144  DEBUG [2018-05-10 23:02:28]  Date:Thu, 10 May 2018 15:02:28 GMT
144  DEBUG [2018-05-10 23:02:28]  Transfer-Encoding:chunked
149  WARN  [2018-05-10 23:02:28]  Going to buffer response body of large or unknown size. Using getResponseBodyAsStream instead is recommended.
150  DEBUG [2018-05-10 23:02:28]  {"status":"success","data":[{"alias":"pwdmaster","xpub":"f90b0b0d20651ade20fb11984698e1f9015721c7f999a495a905092da468290009f18f57b9e998905496d601e74347d1c86b3277f897be06e4a00bd9d2919068","file":"C:\\Users\\hadoop\\AppData\\Roaming\\Bytom\\keystore\\UTC--2018-04-24T09-46-13.362286400Z--698fcf0e-23df-4c5c-ac91-1b6748f78d7e"},{"alias":"22","xpub":"c9697e53a061e43477f95dbbf49485e40635b7e909c2a8fab8b5374d2baa868976852f7bcb3f36f2e0b15adaef66bf3f98979657a3a100ac7241394d9e5d25d0","file":"C:\\Users\\hadoop\\AppData\\Roaming\\Bytom\\keystore\\UTC--2018-05-08T01-58-55.397801100Z--e0f59b6a-f559-4e00-b703-b4c2465da0ef"},{"alias":"3333","xpub":"3f37817178acf8620673244ede74f09b83d9f4df93dc13f76c4b5c460b6e6b8810294175525076fd72a7ba1043847245e30850de765a6ad4f0be345a2f2467a4","file":"C:\\Users\\hadoop\\AppData\\Roaming\\Bytom\\keystore\\UTC--2018-05-08T01-59-08.593177300Z--361ea986-d88d-4596-9620-7b9c2012caae"},{"alias":"jackyken","xpub":"32fc43a39892be54721fb446e56b6689a2a0805e2a23e0f1d258db2fb7fe0980aac6615bfc6c254288f50a5eab0833f2789b006411826372677a266ed40df67b","file":"C:\\Users\\hadoop\\AppData\\Roaming\\Bytom\\keystore\\UTC--2018-05-10T07-30-18.316354800Z--fcf8fd52-982c-438d-808e-7951a1e2e37c"},{"alias":"jackyken3","xpub":"50b29951aab8ec717f69e6e60476b0617bf8dd8cdc5615cd2248de94e6c2d8ca70fc67f936d97ff4c8f094e7479ebec89e1e309ee596eb65b8f450a63bc07e4c","file":"C:\\Users\\hadoop\\AppData\\Roaming\\Bytom\\keystore\\UTC--2018-05-10T08-50-32.846148000Z--850164e5-9af4-42c2-948a-390456aca47a"},{"alias":"jackyken4","xpub":"b16e2299df0c689008c88f20fa192bcd47ab76cadbd9c4528635d6e44d7f8efd0d9de60068ff27d4bd6a7f31a186defbd5f5dab1c14d86e8cb0b3fabd1dd6899","file":"C:\\Users\\hadoop\\AppData\\Roaming\\Bytom\\keystore\\UTC--2018-05-10T09-16-35.688725700Z--3033b491-5a59-4946-8954-71be2ae3ca32"},{"alias":"jackyken5","xpub":"0bfeeeda0722d9dc95548b75cfc4a294cf425ddf68c363d21aefd3ff5a862fd8c5e93f0108442e33a2da384f788ed945c0c29d376ee57ddbb03e1a27ff3c115e","file":"C:\\Users\\hadoop\\AppData\\Roaming\\Bytom\\keystore\\UTC--2018-05-10T10-06-38.391923600Z--1665867a-033a-4500-8925-068e364aed3a"},{"alias":"jackyken6","xpub":"c45afcccc788db3d449c3001a5aa801bb0fbbbbdb78e7dd53a2b72839fe51a9ad15ad033e6bfa12c930f670ccf58f2906d9d76abafcbc87eb11046f3a0aadec0","file":"C:\\Users\\hadoop\\AppData\\Roaming\\Bytom\\keystore\\UTC--2018-05-10T14-05-08.763071800Z--6769f729-403a-4271-83b7-b3f6134537d7"},{"alias":"jackyken7","xpub":"795f5423176635bdd12ee0ed4bfb8a5e100417c39ae2d5b29f4babf4184fb0027b38b58ba7a06a10a22f7f459cbaac7a476e2e96cd3eaa303f10fa14913a544e","file":"C:\\Users\\hadoop\\AppData\\Roaming\\Bytom\\keystore\\UTC--2018-05-10T14-20-41.520524600Z--ce83d130-d02b-4128-979c-7b499f73dfe0"}]}


160  DEBUG [2018-05-10 23:02:28]  alias:pwdmaster
160  DEBUG [2018-05-10 23:02:28]  file:C:\Users\hadoop\AppData\Roaming\Bytom\keystore\UTC--2018-04-24T09-46-13.362286400Z--698fcf0e-23df-4c5c-ac91-1b6748f78d7e
160  DEBUG [2018-05-10 23:02:28]  xpub:f90b0b0d20651ade20fb11984698e1f9015721c7f999a495a905092da468290009f18f57b9e998905496d601e74347d1c86b3277f897be06e4a00bd9d2919068
160  DEBUG [2018-05-10 23:02:28]  alias:22
160  DEBUG [2018-05-10 23:02:28]  file:C:\Users\hadoop\AppData\Roaming\Bytom\keystore\UTC--2018-05-08T01-58-55.397801100Z--e0f59b6a-f559-4e00-b703-b4c2465da0ef
160  DEBUG [2018-05-10 23:02:28]  xpub:c9697e53a061e43477f95dbbf49485e40635b7e909c2a8fab8b5374d2baa868976852f7bcb3f36f2e0b15adaef66bf3f98979657a3a100ac7241394d9e5d25d0
160  DEBUG [2018-05-10 23:02:28]  alias:3333
161  DEBUG [2018-05-10 23:02:28]  file:C:\Users\hadoop\AppData\Roaming\Bytom\keystore\UTC--2018-05-08T01-59-08.593177300Z--361ea986-d88d-4596-9620-7b9c2012caae
161  DEBUG [2018-05-10 23:02:28]  xpub:3f37817178acf8620673244ede74f09b83d9f4df93dc13f76c4b5c460b6e6b8810294175525076fd72a7ba1043847245e30850de765a6ad4f0be345a2f2467a4
161  DEBUG [2018-05-10 23:02:28]  alias:jackyken
161  DEBUG [2018-05-10 23:02:28]  file:C:\Users\hadoop\AppData\Roaming\Bytom\keystore\UTC--2018-05-10T07-30-18.316354800Z--fcf8fd52-982c-438d-808e-7951a1e2e37c
161  DEBUG [2018-05-10 23:02:28]  xpub:32fc43a39892be54721fb446e56b6689a2a0805e2a23e0f1d258db2fb7fe0980aac6615bfc6c254288f50a5eab0833f2789b006411826372677a266ed40df67b
161  DEBUG [2018-05-10 23:02:28]  alias:jackyken3
162  DEBUG [2018-05-10 23:02:28]  file:C:\Users\hadoop\AppData\Roaming\Bytom\keystore\UTC--2018-05-10T08-50-32.846148000Z--850164e5-9af4-42c2-948a-390456aca47a
162  DEBUG [2018-05-10 23:02:28]  xpub:50b29951aab8ec717f69e6e60476b0617bf8dd8cdc5615cd2248de94e6c2d8ca70fc67f936d97ff4c8f094e7479ebec89e1e309ee596eb65b8f450a63bc07e4c
162  DEBUG [2018-05-10 23:02:28]  alias:jackyken4
162  DEBUG [2018-05-10 23:02:28]  file:C:\Users\hadoop\AppData\Roaming\Bytom\keystore\UTC--2018-05-10T09-16-35.688725700Z--3033b491-5a59-4946-8954-71be2ae3ca32
163  DEBUG [2018-05-10 23:02:28]  xpub:b16e2299df0c689008c88f20fa192bcd47ab76cadbd9c4528635d6e44d7f8efd0d9de60068ff27d4bd6a7f31a186defbd5f5dab1c14d86e8cb0b3fabd1dd6899
163  DEBUG [2018-05-10 23:02:28]  alias:jackyken5
163  DEBUG [2018-05-10 23:02:28]  file:C:\Users\hadoop\AppData\Roaming\Bytom\keystore\UTC--2018-05-10T10-06-38.391923600Z--1665867a-033a-4500-8925-068e364aed3a
163  DEBUG [2018-05-10 23:02:28]  xpub:0bfeeeda0722d9dc95548b75cfc4a294cf425ddf68c363d21aefd3ff5a862fd8c5e93f0108442e33a2da384f788ed945c0c29d376ee57ddbb03e1a27ff3c115e
163  DEBUG [2018-05-10 23:02:28]  alias:jackyken6
164  DEBUG [2018-05-10 23:02:28]  file:C:\Users\hadoop\AppData\Roaming\Bytom\keystore\UTC--2018-05-10T14-05-08.763071800Z--6769f729-403a-4271-83b7-b3f6134537d7
164  DEBUG [2018-05-10 23:02:28]  xpub:c45afcccc788db3d449c3001a5aa801bb0fbbbbdb78e7dd53a2b72839fe51a9ad15ad033e6bfa12c930f670ccf58f2906d9d76abafcbc87eb11046f3a0aadec0
164  DEBUG [2018-05-10 23:02:28]  alias:jackyken7
164  DEBUG [2018-05-10 23:02:28]  file:C:\Users\hadoop\AppData\Roaming\Bytom\keystore\UTC--2018-05-10T14-20-41.520524600Z--ce83d130-d02b-4128-979c-7b499f73dfe0
164  DEBUG [2018-05-10 23:02:28]  xpub:795f5423176635bdd12ee0ed4bfb8a5e100417c39ae2d5b29f4babf4184fb0027b38b58ba7a06a10a22f7f459cbaac7a476e2e96cd3eaa303f10fa14913a544e
0    DEBUG [2018-05-10 23:02:41]  Request:
1    DEBUG [2018-05-10 23:02:41]  POST:http://127.0.0.1:9888/delete-key
66   DEBUG [2018-05-10 23:02:41]  API-RemoteIP: 192.168.32.1
232  DEBUG [2018-05-10 23:02:41]  Response:
233  DEBUG [2018-05-10 23:02:41]  https StatusCode:200
233  DEBUG [2018-05-10 23:02:41]  Content-Type:application/json; charset=utf-8
233  DEBUG [2018-05-10 23:02:41]  Vary:Accept-Encoding
233  DEBUG [2018-05-10 23:02:41]  X-Content-Type-Options:nosniff
233  DEBUG [2018-05-10 23:02:41]  X-Frame-Options:DENY
233  DEBUG [2018-05-10 23:02:41]  X-Xss-Protection:1
233  DEBUG [2018-05-10 23:02:41]  Date:Thu, 10 May 2018 15:02:41 GMT
234  DEBUG [2018-05-10 23:02:41]  Content-Length:21
239  DEBUG [2018-05-10 23:02:41]  {"status":"success"}


241  DEBUG [2018-05-10 23:02:41]  getStatus:success
241  DEBUG [2018-05-10 23:02:41]  getMsg:
0    DEBUG [2018-05-10 23:02:58]  Request:
2    DEBUG [2018-05-10 23:02:58]  POST:http://127.0.0.1:9888/list-keys
84   DEBUG [2018-05-10 23:02:58]  API-RemoteIP: 192.168.32.1
137  DEBUG [2018-05-10 23:02:58]  Response:
138  DEBUG [2018-05-10 23:02:58]  https StatusCode:200
138  DEBUG [2018-05-10 23:02:58]  Content-Type:application/json; charset=utf-8
138  DEBUG [2018-05-10 23:02:58]  Vary:Accept-Encoding
138  DEBUG [2018-05-10 23:02:58]  X-Content-Type-Options:nosniff
138  DEBUG [2018-05-10 23:02:58]  X-Frame-Options:DENY
138  DEBUG [2018-05-10 23:02:58]  X-Xss-Protection:1
138  DEBUG [2018-05-10 23:02:58]  Date:Thu, 10 May 2018 15:02:58 GMT
139  DEBUG [2018-05-10 23:02:58]  Transfer-Encoding:chunked
143  WARN  [2018-05-10 23:02:58]  Going to buffer response body of large or unknown size. Using getResponseBodyAsStream instead is recommended.
144  DEBUG [2018-05-10 23:02:58]  {"status":"success","data":[{"alias":"pwdmaster","xpub":"f90b0b0d20651ade20fb11984698e1f9015721c7f999a495a905092da468290009f18f57b9e998905496d601e74347d1c86b3277f897be06e4a00bd9d2919068","file":"C:\\Users\\hadoop\\AppData\\Roaming\\Bytom\\keystore\\UTC--2018-04-24T09-46-13.362286400Z--698fcf0e-23df-4c5c-ac91-1b6748f78d7e"},{"alias":"22","xpub":"c9697e53a061e43477f95dbbf49485e40635b7e909c2a8fab8b5374d2baa868976852f7bcb3f36f2e0b15adaef66bf3f98979657a3a100ac7241394d9e5d25d0","file":"C:\\Users\\hadoop\\AppData\\Roaming\\Bytom\\keystore\\UTC--2018-05-08T01-58-55.397801100Z--e0f59b6a-f559-4e00-b703-b4c2465da0ef"},{"alias":"3333","xpub":"3f37817178acf8620673244ede74f09b83d9f4df93dc13f76c4b5c460b6e6b8810294175525076fd72a7ba1043847245e30850de765a6ad4f0be345a2f2467a4","file":"C:\\Users\\hadoop\\AppData\\Roaming\\Bytom\\keystore\\UTC--2018-05-08T01-59-08.593177300Z--361ea986-d88d-4596-9620-7b9c2012caae"},{"alias":"jackyken","xpub":"32fc43a39892be54721fb446e56b6689a2a0805e2a23e0f1d258db2fb7fe0980aac6615bfc6c254288f50a5eab0833f2789b006411826372677a266ed40df67b","file":"C:\\Users\\hadoop\\AppData\\Roaming\\Bytom\\keystore\\UTC--2018-05-10T07-30-18.316354800Z--fcf8fd52-982c-438d-808e-7951a1e2e37c"},{"alias":"jackyken3","xpub":"50b29951aab8ec717f69e6e60476b0617bf8dd8cdc5615cd2248de94e6c2d8ca70fc67f936d97ff4c8f094e7479ebec89e1e309ee596eb65b8f450a63bc07e4c","file":"C:\\Users\\hadoop\\AppData\\Roaming\\Bytom\\keystore\\UTC--2018-05-10T08-50-32.846148000Z--850164e5-9af4-42c2-948a-390456aca47a"},{"alias":"jackyken4","xpub":"b16e2299df0c689008c88f20fa192bcd47ab76cadbd9c4528635d6e44d7f8efd0d9de60068ff27d4bd6a7f31a186defbd5f5dab1c14d86e8cb0b3fabd1dd6899","file":"C:\\Users\\hadoop\\AppData\\Roaming\\Bytom\\keystore\\UTC--2018-05-10T09-16-35.688725700Z--3033b491-5a59-4946-8954-71be2ae3ca32"},{"alias":"jackyken5","xpub":"0bfeeeda0722d9dc95548b75cfc4a294cf425ddf68c363d21aefd3ff5a862fd8c5e93f0108442e33a2da384f788ed945c0c29d376ee57ddbb03e1a27ff3c115e","file":"C:\\Users\\hadoop\\AppData\\Roaming\\Bytom\\keystore\\UTC--2018-05-10T10-06-38.391923600Z--1665867a-033a-4500-8925-068e364aed3a"},{"alias":"jackyken6","xpub":"c45afcccc788db3d449c3001a5aa801bb0fbbbbdb78e7dd53a2b72839fe51a9ad15ad033e6bfa12c930f670ccf58f2906d9d76abafcbc87eb11046f3a0aadec0","file":"C:\\Users\\hadoop\\AppData\\Roaming\\Bytom\\keystore\\UTC--2018-05-10T14-05-08.763071800Z--6769f729-403a-4271-83b7-b3f6134537d7"}]}


151  DEBUG [2018-05-10 23:02:58]  alias:pwdmaster
151  DEBUG [2018-05-10 23:02:58]  file:C:\Users\hadoop\AppData\Roaming\Bytom\keystore\UTC--2018-04-24T09-46-13.362286400Z--698fcf0e-23df-4c5c-ac91-1b6748f78d7e
152  DEBUG [2018-05-10 23:02:58]  xpub:f90b0b0d20651ade20fb11984698e1f9015721c7f999a495a905092da468290009f18f57b9e998905496d601e74347d1c86b3277f897be06e4a00bd9d2919068
152  DEBUG [2018-05-10 23:02:58]  alias:22
152  DEBUG [2018-05-10 23:02:58]  file:C:\Users\hadoop\AppData\Roaming\Bytom\keystore\UTC--2018-05-08T01-58-55.397801100Z--e0f59b6a-f559-4e00-b703-b4c2465da0ef
152  DEBUG [2018-05-10 23:02:58]  xpub:c9697e53a061e43477f95dbbf49485e40635b7e909c2a8fab8b5374d2baa868976852f7bcb3f36f2e0b15adaef66bf3f98979657a3a100ac7241394d9e5d25d0
153  DEBUG [2018-05-10 23:02:58]  alias:3333
153  DEBUG [2018-05-10 23:02:58]  file:C:\Users\hadoop\AppData\Roaming\Bytom\keystore\UTC--2018-05-08T01-59-08.593177300Z--361ea986-d88d-4596-9620-7b9c2012caae
153  DEBUG [2018-05-10 23:02:58]  xpub:3f37817178acf8620673244ede74f09b83d9f4df93dc13f76c4b5c460b6e6b8810294175525076fd72a7ba1043847245e30850de765a6ad4f0be345a2f2467a4
153  DEBUG [2018-05-10 23:02:58]  alias:jackyken
153  DEBUG [2018-05-10 23:02:58]  file:C:\Users\hadoop\AppData\Roaming\Bytom\keystore\UTC--2018-05-10T07-30-18.316354800Z--fcf8fd52-982c-438d-808e-7951a1e2e37c
154  DEBUG [2018-05-10 23:02:58]  xpub:32fc43a39892be54721fb446e56b6689a2a0805e2a23e0f1d258db2fb7fe0980aac6615bfc6c254288f50a5eab0833f2789b006411826372677a266ed40df67b
154  DEBUG [2018-05-10 23:02:58]  alias:jackyken3
154  DEBUG [2018-05-10 23:02:58]  file:C:\Users\hadoop\AppData\Roaming\Bytom\keystore\UTC--2018-05-10T08-50-32.846148000Z--850164e5-9af4-42c2-948a-390456aca47a
154  DEBUG [2018-05-10 23:02:58]  xpub:50b29951aab8ec717f69e6e60476b0617bf8dd8cdc5615cd2248de94e6c2d8ca70fc67f936d97ff4c8f094e7479ebec89e1e309ee596eb65b8f450a63bc07e4c
154  DEBUG [2018-05-10 23:02:58]  alias:jackyken4
154  DEBUG [2018-05-10 23:02:58]  file:C:\Users\hadoop\AppData\Roaming\Bytom\keystore\UTC--2018-05-10T09-16-35.688725700Z--3033b491-5a59-4946-8954-71be2ae3ca32
154  DEBUG [2018-05-10 23:02:58]  xpub:b16e2299df0c689008c88f20fa192bcd47ab76cadbd9c4528635d6e44d7f8efd0d9de60068ff27d4bd6a7f31a186defbd5f5dab1c14d86e8cb0b3fabd1dd6899
154  DEBUG [2018-05-10 23:02:58]  alias:jackyken5
155  DEBUG [2018-05-10 23:02:58]  file:C:\Users\hadoop\AppData\Roaming\Bytom\keystore\UTC--2018-05-10T10-06-38.391923600Z--1665867a-033a-4500-8925-068e364aed3a
155  DEBUG [2018-05-10 23:02:58]  xpub:0bfeeeda0722d9dc95548b75cfc4a294cf425ddf68c363d21aefd3ff5a862fd8c5e93f0108442e33a2da384f788ed945c0c29d376ee57ddbb03e1a27ff3c115e
155  DEBUG [2018-05-10 23:02:58]  alias:jackyken6
155  DEBUG [2018-05-10 23:02:58]  file:C:\Users\hadoop\AppData\Roaming\Bytom\keystore\UTC--2018-05-10T14-05-08.763071800Z--6769f729-403a-4271-83b7-b3f6134537d7
155  DEBUG [2018-05-10 23:02:58]  xpub:c45afcccc788db3d449c3001a5aa801bb0fbbbbdb78e7dd53a2b72839fe51a9ad15ad033e6bfa12c930f670ccf58f2906d9d76abafcbc87eb11046f3a0aadec0
0    DEBUG [2018-05-10 23:03:23]  Request:
1    DEBUG [2018-05-10 23:03:23]  POST:http://127.0.0.1:9888/delete-key
73   DEBUG [2018-05-10 23:03:23]  API-RemoteIP: 192.168.32.1
283  DEBUG [2018-05-10 23:03:23]  Response:
284  DEBUG [2018-05-10 23:03:23]  https StatusCode:200
284  DEBUG [2018-05-10 23:03:23]  Content-Type:application/json; charset=utf-8
284  DEBUG [2018-05-10 23:03:23]  Vary:Accept-Encoding
284  DEBUG [2018-05-10 23:03:23]  X-Content-Type-Options:nosniff
284  DEBUG [2018-05-10 23:03:23]  X-Frame-Options:DENY
284  DEBUG [2018-05-10 23:03:23]  X-Xss-Protection:1
284  DEBUG [2018-05-10 23:03:23]  Date:Thu, 10 May 2018 15:03:23 GMT
285  DEBUG [2018-05-10 23:03:23]  Content-Length:21
291  DEBUG [2018-05-10 23:03:23]  {"status":"success"}


293  DEBUG [2018-05-10 23:03:23]  getStatus:success
293  DEBUG [2018-05-10 23:03:23]  getMsg:
0    DEBUG [2018-05-10 23:03:33]  Request:
1    DEBUG [2018-05-10 23:03:33]  POST:http://127.0.0.1:9888/list-keys
62   DEBUG [2018-05-10 23:03:33]  API-RemoteIP: 192.168.32.1
112  DEBUG [2018-05-10 23:03:33]  Response:
112  DEBUG [2018-05-10 23:03:33]  https StatusCode:200
112  DEBUG [2018-05-10 23:03:33]  Content-Type:application/json; charset=utf-8
112  DEBUG [2018-05-10 23:03:33]  Vary:Accept-Encoding
113  DEBUG [2018-05-10 23:03:33]  X-Content-Type-Options:nosniff
113  DEBUG [2018-05-10 23:03:33]  X-Frame-Options:DENY
113  DEBUG [2018-05-10 23:03:33]  X-Xss-Protection:1
113  DEBUG [2018-05-10 23:03:33]  Date:Thu, 10 May 2018 15:03:33 GMT
113  DEBUG [2018-05-10 23:03:33]  Transfer-Encoding:chunked
118  WARN  [2018-05-10 23:03:33]  Going to buffer response body of large or unknown size. Using getResponseBodyAsStream instead is recommended.
118  DEBUG [2018-05-10 23:03:33]  {"status":"success","data":[{"alias":"pwdmaster","xpub":"f90b0b0d20651ade20fb11984698e1f9015721c7f999a495a905092da468290009f18f57b9e998905496d601e74347d1c86b3277f897be06e4a00bd9d2919068","file":"C:\\Users\\hadoop\\AppData\\Roaming\\Bytom\\keystore\\UTC--2018-04-24T09-46-13.362286400Z--698fcf0e-23df-4c5c-ac91-1b6748f78d7e"},{"alias":"22","xpub":"c9697e53a061e43477f95dbbf49485e40635b7e909c2a8fab8b5374d2baa868976852f7bcb3f36f2e0b15adaef66bf3f98979657a3a100ac7241394d9e5d25d0","file":"C:\\Users\\hadoop\\AppData\\Roaming\\Bytom\\keystore\\UTC--2018-05-08T01-58-55.397801100Z--e0f59b6a-f559-4e00-b703-b4c2465da0ef"},{"alias":"3333","xpub":"3f37817178acf8620673244ede74f09b83d9f4df93dc13f76c4b5c460b6e6b8810294175525076fd72a7ba1043847245e30850de765a6ad4f0be345a2f2467a4","file":"C:\\Users\\hadoop\\AppData\\Roaming\\Bytom\\keystore\\UTC--2018-05-08T01-59-08.593177300Z--361ea986-d88d-4596-9620-7b9c2012caae"},{"alias":"jackyken","xpub":"32fc43a39892be54721fb446e56b6689a2a0805e2a23e0f1d258db2fb7fe0980aac6615bfc6c254288f50a5eab0833f2789b006411826372677a266ed40df67b","file":"C:\\Users\\hadoop\\AppData\\Roaming\\Bytom\\keystore\\UTC--2018-05-10T07-30-18.316354800Z--fcf8fd52-982c-438d-808e-7951a1e2e37c"},{"alias":"jackyken3","xpub":"50b29951aab8ec717f69e6e60476b0617bf8dd8cdc5615cd2248de94e6c2d8ca70fc67f936d97ff4c8f094e7479ebec89e1e309ee596eb65b8f450a63bc07e4c","file":"C:\\Users\\hadoop\\AppData\\Roaming\\Bytom\\keystore\\UTC--2018-05-10T08-50-32.846148000Z--850164e5-9af4-42c2-948a-390456aca47a"},{"alias":"jackyken4","xpub":"b16e2299df0c689008c88f20fa192bcd47ab76cadbd9c4528635d6e44d7f8efd0d9de60068ff27d4bd6a7f31a186defbd5f5dab1c14d86e8cb0b3fabd1dd6899","file":"C:\\Users\\hadoop\\AppData\\Roaming\\Bytom\\keystore\\UTC--2018-05-10T09-16-35.688725700Z--3033b491-5a59-4946-8954-71be2ae3ca32"},{"alias":"jackyken5","xpub":"0bfeeeda0722d9dc95548b75cfc4a294cf425ddf68c363d21aefd3ff5a862fd8c5e93f0108442e33a2da384f788ed945c0c29d376ee57ddbb03e1a27ff3c115e","file":"C:\\Users\\hadoop\\AppData\\Roaming\\Bytom\\keystore\\UTC--2018-05-10T10-06-38.391923600Z--1665867a-033a-4500-8925-068e364aed3a"}]}


125  DEBUG [2018-05-10 23:03:33]  alias:pwdmaster
125  DEBUG [2018-05-10 23:03:33]  file:C:\Users\hadoop\AppData\Roaming\Bytom\keystore\UTC--2018-04-24T09-46-13.362286400Z--698fcf0e-23df-4c5c-ac91-1b6748f78d7e
126  DEBUG [2018-05-10 23:03:33]  xpub:f90b0b0d20651ade20fb11984698e1f9015721c7f999a495a905092da468290009f18f57b9e998905496d601e74347d1c86b3277f897be06e4a00bd9d2919068
126  DEBUG [2018-05-10 23:03:33]  alias:22
126  DEBUG [2018-05-10 23:03:33]  file:C:\Users\hadoop\AppData\Roaming\Bytom\keystore\UTC--2018-05-08T01-58-55.397801100Z--e0f59b6a-f559-4e00-b703-b4c2465da0ef
126  DEBUG [2018-05-10 23:03:33]  xpub:c9697e53a061e43477f95dbbf49485e40635b7e909c2a8fab8b5374d2baa868976852f7bcb3f36f2e0b15adaef66bf3f98979657a3a100ac7241394d9e5d25d0
126  DEBUG [2018-05-10 23:03:33]  alias:3333
126  DEBUG [2018-05-10 23:03:33]  file:C:\Users\hadoop\AppData\Roaming\Bytom\keystore\UTC--2018-05-08T01-59-08.593177300Z--361ea986-d88d-4596-9620-7b9c2012caae
126  DEBUG [2018-05-10 23:03:33]  xpub:3f37817178acf8620673244ede74f09b83d9f4df93dc13f76c4b5c460b6e6b8810294175525076fd72a7ba1043847245e30850de765a6ad4f0be345a2f2467a4
127  DEBUG [2018-05-10 23:03:33]  alias:jackyken
127  DEBUG [2018-05-10 23:03:33]  file:C:\Users\hadoop\AppData\Roaming\Bytom\keystore\UTC--2018-05-10T07-30-18.316354800Z--fcf8fd52-982c-438d-808e-7951a1e2e37c
127  DEBUG [2018-05-10 23:03:33]  xpub:32fc43a39892be54721fb446e56b6689a2a0805e2a23e0f1d258db2fb7fe0980aac6615bfc6c254288f50a5eab0833f2789b006411826372677a266ed40df67b
127  DEBUG [2018-05-10 23:03:33]  alias:jackyken3
127  DEBUG [2018-05-10 23:03:33]  file:C:\Users\hadoop\AppData\Roaming\Bytom\keystore\UTC--2018-05-10T08-50-32.846148000Z--850164e5-9af4-42c2-948a-390456aca47a
127  DEBUG [2018-05-10 23:03:33]  xpub:50b29951aab8ec717f69e6e60476b0617bf8dd8cdc5615cd2248de94e6c2d8ca70fc67f936d97ff4c8f094e7479ebec89e1e309ee596eb65b8f450a63bc07e4c
127  DEBUG [2018-05-10 23:03:33]  alias:jackyken4
128  DEBUG [2018-05-10 23:03:33]  file:C:\Users\hadoop\AppData\Roaming\Bytom\keystore\UTC--2018-05-10T09-16-35.688725700Z--3033b491-5a59-4946-8954-71be2ae3ca32
129  DEBUG [2018-05-10 23:03:33]  xpub:b16e2299df0c689008c88f20fa192bcd47ab76cadbd9c4528635d6e44d7f8efd0d9de60068ff27d4bd6a7f31a186defbd5f5dab1c14d86e8cb0b3fabd1dd6899
129  DEBUG [2018-05-10 23:03:33]  alias:jackyken5
129  DEBUG [2018-05-10 23:03:33]  file:C:\Users\hadoop\AppData\Roaming\Bytom\keystore\UTC--2018-05-10T10-06-38.391923600Z--1665867a-033a-4500-8925-068e364aed3a
129  DEBUG [2018-05-10 23:03:33]  xpub:0bfeeeda0722d9dc95548b75cfc4a294cf425ddf68c363d21aefd3ff5a862fd8c5e93f0108442e33a2da384f788ed945c0c29d376ee57ddbb03e1a27ff3c115e
0    DEBUG [2018-05-10 23:04:13]  Request:
2    DEBUG [2018-05-10 23:04:13]  POST:http://127.0.0.1:9888/delete-key
67   DEBUG [2018-05-10 23:04:13]  API-RemoteIP: 192.168.32.1
238  DEBUG [2018-05-10 23:04:13]  Response:
239  DEBUG [2018-05-10 23:04:13]  https StatusCode:200
239  DEBUG [2018-05-10 23:04:13]  Content-Type:application/json; charset=utf-8
239  DEBUG [2018-05-10 23:04:13]  Vary:Accept-Encoding
239  DEBUG [2018-05-10 23:04:13]  X-Content-Type-Options:nosniff
239  DEBUG [2018-05-10 23:04:13]  X-Frame-Options:DENY
239  DEBUG [2018-05-10 23:04:13]  X-Xss-Protection:1
239  DEBUG [2018-05-10 23:04:13]  Date:Thu, 10 May 2018 15:04:13 GMT
239  DEBUG [2018-05-10 23:04:13]  Content-Length:21
247  DEBUG [2018-05-10 23:04:13]  {"status":"success"}


249  DEBUG [2018-05-10 23:04:13]  getStatus:success
249  DEBUG [2018-05-10 23:04:13]  getMsg:
0    DEBUG [2018-05-11 09:16:09]  Request:
1    DEBUG [2018-05-11 09:16:09]  POST:http://127.0.0.1:9888/create-account
70   DEBUG [2018-05-11 09:16:09]  API-RemoteIP: 192.168.32.1
114  DEBUG [2018-05-11 09:16:09]  Response:
114  DEBUG [2018-05-11 09:16:09]  https StatusCode:400
114  DEBUG [2018-05-11 09:16:09]  Content-Type:application/json; charset=utf-8
114  DEBUG [2018-05-11 09:16:09]  Vary:Accept-Encoding
114  DEBUG [2018-05-11 09:16:09]  X-Content-Type-Options:nosniff
115  DEBUG [2018-05-11 09:16:09]  X-Frame-Options:DENY
115  DEBUG [2018-05-11 09:16:09]  X-Xss-Protection:1
115  DEBUG [2018-05-11 09:16:09]  Date:Fri, 11 May 2018 01:16:09 GMT
115  DEBUG [2018-05-11 09:16:09]  Content-Length:213
127  DEBUG [2018-05-11 09:16:09]  {"code":"BTM003","message":"Invalid request body","detail":"json: cannot unmarshal string into Go struct field .quorum of type int: check request parameters for missing and/or incorrect values","temporary":false}


0    DEBUG [2018-05-11 09:18:26]  Request:
1    DEBUG [2018-05-11 09:18:26]  POST:http://127.0.0.1:9888/create-account
73   DEBUG [2018-05-11 09:18:26]  API-RemoteIP: 192.168.32.1
116  DEBUG [2018-05-11 09:18:26]  Response:
116  DEBUG [2018-05-11 09:18:26]  https StatusCode:200
117  DEBUG [2018-05-11 09:18:26]  Content-Type:application/json; charset=utf-8
119  DEBUG [2018-05-11 09:18:26]  Vary:Accept-Encoding
123  DEBUG [2018-05-11 09:18:26]  X-Content-Type-Options:nosniff
123  DEBUG [2018-05-11 09:18:26]  X-Frame-Options:DENY
123  DEBUG [2018-05-11 09:18:26]  X-Xss-Protection:1
123  DEBUG [2018-05-11 09:18:26]  Date:Fri, 11 May 2018 01:18:26 GMT
123  DEBUG [2018-05-11 09:18:26]  Content-Length:373
133  DEBUG [2018-05-11 09:18:26]  {"status":"success","data":{"id":"0DLIU4TA00A02","alias":"bytommaster002","xpubs":["02581f1a2099e1696c498901c0049a22cc3e7f85db71c4ebb78f238d3ef8b323d2fd5c33b6f634aacdd25eb5e09c0c803077c521ef0524e4cc64d1a4420c8bc6","02581f1a2099e1696c498901c0049a22cc3e7f85db71c4ebb78f238d3ef8b323d2fd5c33b6f634aacdd25eb5e09c0c803077c521ef0524e4cc64d1a4420c8bc7"],"quorum":1,"key_index":3}}


0    DEBUG [2018-05-11 09:24:44]  Request:
1    DEBUG [2018-05-11 09:24:44]  POST:http://127.0.0.1:9888/create-account
84   DEBUG [2018-05-11 09:24:45]  API-RemoteIP: 192.168.32.1
124  DEBUG [2018-05-11 09:24:45]  Response:
125  DEBUG [2018-05-11 09:24:45]  https StatusCode:200
125  DEBUG [2018-05-11 09:24:45]  Content-Type:application/json; charset=utf-8
125  DEBUG [2018-05-11 09:24:45]  Vary:Accept-Encoding
125  DEBUG [2018-05-11 09:24:45]  X-Content-Type-Options:nosniff
125  DEBUG [2018-05-11 09:24:45]  X-Frame-Options:DENY
125  DEBUG [2018-05-11 09:24:45]  X-Xss-Protection:1
125  DEBUG [2018-05-11 09:24:45]  Date:Fri, 11 May 2018 01:24:45 GMT
126  DEBUG [2018-05-11 09:24:45]  Content-Length:373
144  DEBUG [2018-05-11 09:24:45]  {"status":"success","data":{"id":"0DLJ3TPGG0A04","alias":"bytommaster003","xpubs":["02581f1a2099e1696c498901c0049a22cc3e7f85db71c4ebb78f238d3ef8b323d2fd5c33b6f634aacdd25eb5e09c0c803077c521ef0524e4cc64d1a4420c8bc6","02581f1a2099e1696c498901c0049a22cc3e7f85db71c4ebb78f238d3ef8b323d2fd5c33b6f634aacdd25eb5e09c0c803077c521ef0524e4cc64d1a4420c8bc7"],"quorum":1,"key_index":4}}


